<?xml version="1.0" encoding="UTF-8"?>
<testsuite xmlns:xsi="http://www.w3.org/2001/XMLSchema-instance" xsi:noNamespaceSchemaLocation="https://maven.apache.org/surefire/maven-surefire-plugin/xsd/surefire-test-report.xsd" version="3.0.2" name="TestRunner" time="4.197" tests="4" errors="0" skipped="0" failures="1">
  <properties>
[...]
</properties>
  <testcase name="[1.1:43] Update All Group of Product MOMO Hallo" classname="update_product" time="1.185">
    <system-out><![CDATA[21:50:53.844 [main] INFO com.intuit.karate.Runner -- using system property 'karate.options': --tags @Update_All_Group_Of_Product1
21:50:54.157 [main] DEBUG com.intuit.karate.Suite -- [config] classpath:karate-config.js
21:50:55.162 [main] INFO com.intuit.karate -- [print] Hostname: http://localhost:3000 
21:50:55.165 [main] INFO com.intuit.karate -- >> lock acquired, begin callSingle: classpath:separateApi/auth.feature@Auth
21:50:55.167 [main] INFO com.intuit.karate.core.FeatureRuntime -- classpath:separateApi/auth.feature - call by tag at line 5: Auth
21:50:55.223 [main] DEBUG com.jayway.jsonpath.internal.path.CompiledPath -- Evaluating path: $
21:50:55.247 [main] DEBUG com.jayway.jsonpath.internal.path.CompiledPath -- Evaluating path: $
21:50:55.279 [main] DEBUG io.netty.util.internal.logging.InternalLoggerFactory -- Using SLF4J as the default logging framework
21:50:55.281 [main] DEBUG io.netty.util.internal.PlatformDependent0 -- -Dio.netty.noUnsafe: false
21:50:55.284 [main] DEBUG io.netty.util.internal.PlatformDependent0 -- Java version: 23
21:50:55.285 [main] DEBUG io.netty.util.internal.PlatformDependent0 -- sun.misc.Unsafe.theUnsafe: available
21:50:55.286 [main] DEBUG io.netty.util.internal.PlatformDependent0 -- sun.misc.Unsafe.copyMemory: available
21:50:55.286 [main] DEBUG io.netty.util.internal.PlatformDependent0 -- sun.misc.Unsafe.storeFence: available
21:50:55.287 [main] DEBUG io.netty.util.internal.PlatformDependent0 -- java.nio.Buffer.address: available
21:50:55.287 [main] DEBUG io.netty.util.internal.PlatformDependent0 -- direct buffer constructor: unavailable: Reflective setAccessible(true) disabled
21:50:55.288 [main] DEBUG io.netty.util.internal.PlatformDependent0 -- java.nio.Bits.unaligned: available, true
21:50:55.289 [main] DEBUG io.netty.util.internal.PlatformDependent0 -- jdk.internal.misc.Unsafe.allocateUninitializedArray(int): unavailable: class io.netty.util.internal.PlatformDependent0$7 cannot access class jdk.internal.misc.Unsafe (in module java.base) because module java.base does not export jdk.internal.misc to unnamed module @47db50c5
21:50:55.289 [main] DEBUG io.netty.util.internal.PlatformDependent0 -- java.nio.DirectByteBuffer.<init>(long, {int,long}): unavailable
21:50:55.290 [main] DEBUG io.netty.util.internal.PlatformDependent -- sun.misc.Unsafe: available
21:50:55.290 [main] DEBUG io.netty.util.internal.PlatformDependent -- -Dio.netty.tmpdir: /var/folders/77/vw4ytym92kg4czy7fbr48t1h0000gn/T (java.io.tmpdir)
21:50:55.290 [main] DEBUG io.netty.util.internal.PlatformDependent -- -Dio.netty.bitMode: 64 (sun.arch.data.model)
21:50:55.290 [main] DEBUG io.netty.util.internal.PlatformDependent -- Platform: MacOS
21:50:55.291 [main] DEBUG io.netty.util.internal.PlatformDependent -- -Dio.netty.maxDirectMemory: -1 bytes
21:50:55.291 [main] DEBUG io.netty.util.internal.PlatformDependent -- -Dio.netty.uninitializedArrayAllocationThreshold: -1
21:50:55.292 [main] DEBUG io.netty.util.internal.CleanerJava9 -- java.nio.ByteBuffer.cleaner(): available
21:50:55.292 [main] DEBUG io.netty.util.internal.PlatformDependent -- -Dio.netty.noPreferDirect: false
21:50:55.465 [main] DEBUG org.apache.http.client.protocol.RequestAddCookies -- CookieSpec selected: karate
21:50:55.470 [main] DEBUG org.apache.http.client.protocol.RequestAuthCache -- Auth cache not set in the context
21:50:55.472 [main] DEBUG com.intuit.karate -- request:
1 > POST http://localhost:3000/dv/authorizationserver/oauth/token
1 > Accept: application/json
1 > Content-Type: application/x-www-form-urlencoded; charset=UTF-8
1 > Content-Length: 76
1 > Host: localhost:3000
1 > Connection: Keep-Alive
1 > User-Agent: Apache-HttpClient/4.5.14 (Java/23.0.2)
1 > Accept-Encoding: gzip,deflate
{"client_id":"2143","client_secret":"dsg","grant_type":"client_credentials"}

21:50:55.473 [main] DEBUG org.apache.http.impl.conn.PoolingHttpClientConnectionManager -- Connection request: [route: {}->http://localhost:3000][total available: 0; route allocated: 0 of 5; total allocated: 0 of 10]
21:50:55.480 [main] DEBUG org.apache.http.impl.conn.PoolingHttpClientConnectionManager -- Connection leased: [id: 0][route: {}->http://localhost:3000][total available: 0; route allocated: 1 of 5; total allocated: 1 of 10]
21:50:55.482 [main] DEBUG org.apache.http.impl.execchain.MainClientExec -- Opening connection {}->http://localhost:3000
21:50:55.496 [main] DEBUG org.apache.http.impl.conn.DefaultHttpClientConnectionOperator -- Connecting to localhost/127.0.0.1:3000
21:50:55.499 [main] DEBUG org.apache.http.impl.conn.DefaultHttpClientConnectionOperator -- Connection established 127.0.0.1:58835<->127.0.0.1:3000
21:50:55.499 [main] DEBUG org.apache.http.impl.conn.DefaultManagedHttpClientConnection -- http-outgoing-0: set socket timeout to 30000
21:50:55.499 [main] DEBUG org.apache.http.impl.execchain.MainClientExec -- Executing request POST /dv/authorizationserver/oauth/token HTTP/1.1
21:50:55.499 [main] DEBUG org.apache.http.impl.execchain.MainClientExec -- Target auth state: UNCHALLENGED
21:50:55.500 [main] DEBUG org.apache.http.impl.execchain.MainClientExec -- Proxy auth state: UNCHALLENGED
21:50:55.501 [main] DEBUG org.apache.http.headers -- http-outgoing-0 >> POST /dv/authorizationserver/oauth/token HTTP/1.1
21:50:55.501 [main] DEBUG org.apache.http.headers -- http-outgoing-0 >> Accept: application/json
21:50:55.501 [main] DEBUG org.apache.http.headers -- http-outgoing-0 >> Content-Type: application/x-www-form-urlencoded; charset=UTF-8
21:50:55.501 [main] DEBUG org.apache.http.headers -- http-outgoing-0 >> Content-Length: 76
21:50:55.501 [main] DEBUG org.apache.http.headers -- http-outgoing-0 >> Host: localhost:3000
21:50:55.501 [main] DEBUG org.apache.http.headers -- http-outgoing-0 >> Connection: Keep-Alive
21:50:55.501 [main] DEBUG org.apache.http.headers -- http-outgoing-0 >> User-Agent: Apache-HttpClient/4.5.14 (Java/23.0.2)
21:50:55.501 [main] DEBUG org.apache.http.headers -- http-outgoing-0 >> Accept-Encoding: gzip,deflate
21:50:55.501 [main] DEBUG org.apache.http.wire -- http-outgoing-0 >> "POST /dv/authorizationserver/oauth/token HTTP/1.1[\r][\n]"
21:50:55.501 [main] DEBUG org.apache.http.wire -- http-outgoing-0 >> "Accept: application/json[\r][\n]"
21:50:55.501 [main] DEBUG org.apache.http.wire -- http-outgoing-0 >> "Content-Type: application/x-www-form-urlencoded; charset=UTF-8[\r][\n]"
21:50:55.501 [main] DEBUG org.apache.http.wire -- http-outgoing-0 >> "Content-Length: 76[\r][\n]"
21:50:55.501 [main] DEBUG org.apache.http.wire -- http-outgoing-0 >> "Host: localhost:3000[\r][\n]"
21:50:55.501 [main] DEBUG org.apache.http.wire -- http-outgoing-0 >> "Connection: Keep-Alive[\r][\n]"
21:50:55.501 [main] DEBUG org.apache.http.wire -- http-outgoing-0 >> "User-Agent: Apache-HttpClient/4.5.14 (Java/23.0.2)[\r][\n]"
21:50:55.502 [main] DEBUG org.apache.http.wire -- http-outgoing-0 >> "Accept-Encoding: gzip,deflate[\r][\n]"
21:50:55.502 [main] DEBUG org.apache.http.wire -- http-outgoing-0 >> "[\r][\n]"
21:50:55.502 [main] DEBUG org.apache.http.wire -- http-outgoing-0 >> "{"client_id":"2143","client_secret":"dsg","grant_type":"client_credentials"}"
21:50:55.505 [main] DEBUG org.apache.http.wire -- http-outgoing-0 << "HTTP/1.1 200 OK[\r][\n]"
21:50:55.505 [main] DEBUG org.apache.http.wire -- http-outgoing-0 << "Content-Type: application/json; charset=utf-8[\r][\n]"
21:50:55.505 [main] DEBUG org.apache.http.wire -- http-outgoing-0 << "Content-Length: 29[\r][\n]"
21:50:55.505 [main] DEBUG org.apache.http.wire -- http-outgoing-0 << "Date: Wed, 27 Aug 2025 14:50:55 GMT[\r][\n]"
21:50:55.505 [main] DEBUG org.apache.http.wire -- http-outgoing-0 << "Connection: keep-alive[\r][\n]"
21:50:55.505 [main] DEBUG org.apache.http.wire -- http-outgoing-0 << "Keep-Alive: timeout=5[\r][\n]"
21:50:55.505 [main] DEBUG org.apache.http.wire -- http-outgoing-0 << "[\r][\n]"
21:50:55.505 [main] DEBUG org.apache.http.wire -- http-outgoing-0 << "{[\n]"
21:50:55.505 [main] DEBUG org.apache.http.wire -- http-outgoing-0 << "  "token":"gdfagfagdadge"[\n]"
21:50:55.505 [main] DEBUG org.apache.http.wire -- http-outgoing-0 << "}"
21:50:55.507 [main] DEBUG org.apache.http.headers -- http-outgoing-0 << HTTP/1.1 200 OK
21:50:55.507 [main] DEBUG org.apache.http.headers -- http-outgoing-0 << Content-Type: application/json; charset=utf-8
21:50:55.507 [main] DEBUG org.apache.http.headers -- http-outgoing-0 << Content-Length: 29
21:50:55.507 [main] DEBUG org.apache.http.headers -- http-outgoing-0 << Date: Wed, 27 Aug 2025 14:50:55 GMT
21:50:55.507 [main] DEBUG org.apache.http.headers -- http-outgoing-0 << Connection: keep-alive
21:50:55.507 [main] DEBUG org.apache.http.headers -- http-outgoing-0 << Keep-Alive: timeout=5
21:50:55.509 [main] DEBUG org.apache.http.impl.execchain.MainClientExec -- Connection can be kept alive for 5000 MILLISECONDS
21:50:55.510 [main] DEBUG org.apache.http.impl.conn.PoolingHttpClientConnectionManager -- Connection [id: 0][route: {}->http://localhost:3000] can be kept alive for 5.0 seconds
21:50:55.510 [main] DEBUG org.apache.http.impl.conn.DefaultManagedHttpClientConnection -- http-outgoing-0: set socket timeout to 0
21:50:55.510 [main] DEBUG org.apache.http.impl.conn.PoolingHttpClientConnectionManager -- Connection released: [id: 0][route: {}->http://localhost:3000][total available: 1; route allocated: 1 of 5; total allocated: 1 of 10]
21:50:55.510 [main] DEBUG org.apache.http.impl.conn.PoolingHttpClientConnectionManager -- Connection manager is shutting down
21:50:55.511 [main] DEBUG org.apache.http.impl.conn.DefaultManagedHttpClientConnection -- http-outgoing-0: Close connection
21:50:55.511 [main] DEBUG org.apache.http.impl.conn.PoolingHttpClientConnectionManager -- Connection manager shut down
21:50:55.513 [main] DEBUG com.intuit.karate -- response time in milliseconds: 38
1 < 200
1 < Content-Type: application/json; charset=utf-8
1 < Content-Length: 29
1 < Date: Wed, 27 Aug 2025 14:50:55 GMT
1 < Connection: keep-alive
1 < Keep-Alive: timeout=5
{
  "token":"gdfagfagdadge"
}

21:50:55.527 [main] DEBUG com.jayway.jsonpath.internal.path.CompiledPath -- Evaluating path: $['token']
21:50:55.536 [main] INFO com.intuit.karate -- << lock released, cached callSingle: classpath:separateApi/auth.feature@Auth
21:50:56.140 [main] INFO com.intuit.karate.core.FeatureRuntime -- classpath:/separateApi/get_configId_by_productCode.feature - call by tag at line 9: Get_ConfigId_Of_Product_Code
21:50:56.173 [main] DEBUG org.apache.http.client.protocol.RequestAddCookies -- CookieSpec selected: karate
21:50:56.174 [main] DEBUG org.apache.http.client.protocol.RequestAuthCache -- Auth cache not set in the context
21:50:56.174 [main] DEBUG com.intuit.karate -- request:
1 > GET http://localhost:3000/dv/products/MOMO/configurattors/ccpconfigurator?provideAllAttributes=true&cps=true
1 > Accept: application/json
1 > Authorization: Bearer gdfagfagdadge
1 > Host: localhost:3000
1 > Connection: Keep-Alive
1 > User-Agent: Apache-HttpClient/4.5.14 (Java/23.0.2)
1 > Accept-Encoding: gzip,deflate


21:50:56.174 [main] DEBUG org.apache.http.impl.conn.PoolingHttpClientConnectionManager -- Connection request: [route: {}->http://localhost:3000][total available: 0; route allocated: 0 of 5; total allocated: 0 of 10]
21:50:56.174 [main] DEBUG org.apache.http.impl.conn.PoolingHttpClientConnectionManager -- Connection leased: [id: 1][route: {}->http://localhost:3000][total available: 0; route allocated: 1 of 5; total allocated: 1 of 10]
21:50:56.174 [main] DEBUG org.apache.http.impl.execchain.MainClientExec -- Opening connection {}->http://localhost:3000
21:50:56.174 [main] DEBUG org.apache.http.impl.conn.DefaultHttpClientConnectionOperator -- Connecting to localhost/127.0.0.1:3000
21:50:56.174 [main] DEBUG org.apache.http.impl.conn.DefaultHttpClientConnectionOperator -- Connection established 127.0.0.1:58836<->127.0.0.1:3000
21:50:56.174 [main] DEBUG org.apache.http.impl.conn.DefaultManagedHttpClientConnection -- http-outgoing-1: set socket timeout to 30000
21:50:56.175 [main] DEBUG org.apache.http.impl.execchain.MainClientExec -- Executing request GET /dv/products/MOMO/configurattors/ccpconfigurator?provideAllAttributes=true&cps=true HTTP/1.1
21:50:56.175 [main] DEBUG org.apache.http.impl.execchain.MainClientExec -- Proxy auth state: UNCHALLENGED
21:50:56.175 [main] DEBUG org.apache.http.headers -- http-outgoing-1 >> GET /dv/products/MOMO/configurattors/ccpconfigurator?provideAllAttributes=true&cps=true HTTP/1.1
21:50:56.175 [main] DEBUG org.apache.http.headers -- http-outgoing-1 >> Accept: application/json
21:50:56.175 [main] DEBUG org.apache.http.headers -- http-outgoing-1 >> Authorization: Bearer gdfagfagdadge
21:50:56.175 [main] DEBUG org.apache.http.headers -- http-outgoing-1 >> Host: localhost:3000
21:50:56.175 [main] DEBUG org.apache.http.headers -- http-outgoing-1 >> Connection: Keep-Alive
21:50:56.175 [main] DEBUG org.apache.http.headers -- http-outgoing-1 >> User-Agent: Apache-HttpClient/4.5.14 (Java/23.0.2)
21:50:56.175 [main] DEBUG org.apache.http.headers -- http-outgoing-1 >> Accept-Encoding: gzip,deflate
21:50:56.175 [main] DEBUG org.apache.http.wire -- http-outgoing-1 >> "GET /dv/products/MOMO/configurattors/ccpconfigurator?provideAllAttributes=true&cps=true HTTP/1.1[\r][\n]"
21:50:56.175 [main] DEBUG org.apache.http.wire -- http-outgoing-1 >> "Accept: application/json[\r][\n]"
21:50:56.175 [main] DEBUG org.apache.http.wire -- http-outgoing-1 >> "Authorization: Bearer gdfagfagdadge[\r][\n]"
21:50:56.175 [main] DEBUG org.apache.http.wire -- http-outgoing-1 >> "Host: localhost:3000[\r][\n]"
21:50:56.175 [main] DEBUG org.apache.http.wire -- http-outgoing-1 >> "Connection: Keep-Alive[\r][\n]"
21:50:56.175 [main] DEBUG org.apache.http.wire -- http-outgoing-1 >> "User-Agent: Apache-HttpClient/4.5.14 (Java/23.0.2)[\r][\n]"
21:50:56.175 [main] DEBUG org.apache.http.wire -- http-outgoing-1 >> "Accept-Encoding: gzip,deflate[\r][\n]"
21:50:56.175 [main] DEBUG org.apache.http.wire -- http-outgoing-1 >> "[\r][\n]"
21:50:56.179 [main] DEBUG org.apache.http.wire -- http-outgoing-1 << "HTTP/1.1 200 OK[\r][\n]"
21:50:56.179 [main] DEBUG org.apache.http.wire -- http-outgoing-1 << "Content-Type: application/json; charset=utf-8[\r][\n]"
21:50:56.179 [main] DEBUG org.apache.http.wire -- http-outgoing-1 << "Content-Length: 61[\r][\n]"
21:50:56.180 [main] DEBUG org.apache.http.wire -- http-outgoing-1 << "Date: Wed, 27 Aug 2025 14:50:56 GMT[\r][\n]"
21:50:56.180 [main] DEBUG org.apache.http.wire -- http-outgoing-1 << "Connection: keep-alive[\r][\n]"
21:50:56.180 [main] DEBUG org.apache.http.wire -- http-outgoing-1 << "Keep-Alive: timeout=5[\r][\n]"
21:50:56.180 [main] DEBUG org.apache.http.wire -- http-outgoing-1 << "[\r][\n]"
21:50:56.180 [main] DEBUG org.apache.http.wire -- http-outgoing-1 << "{[\n]"
21:50:56.180 [main] DEBUG org.apache.http.wire -- http-outgoing-1 << "  "type":"custom",[\n]"
21:50:56.180 [main] DEBUG org.apache.http.wire -- http-outgoing-1 << "  "data":{[\n]"
21:50:56.180 [main] DEBUG org.apache.http.wire -- http-outgoing-1 << "    "configId":"654657"[\n]"
21:50:56.180 [main] DEBUG org.apache.http.wire -- http-outgoing-1 << "  }[\n]"
21:50:56.180 [main] DEBUG org.apache.http.wire -- http-outgoing-1 << "}"
21:50:56.180 [main] DEBUG org.apache.http.headers -- http-outgoing-1 << HTTP/1.1 200 OK
21:50:56.180 [main] DEBUG org.apache.http.headers -- http-outgoing-1 << Content-Type: application/json; charset=utf-8
21:50:56.180 [main] DEBUG org.apache.http.headers -- http-outgoing-1 << Content-Length: 61
21:50:56.180 [main] DEBUG org.apache.http.headers -- http-outgoing-1 << Date: Wed, 27 Aug 2025 14:50:56 GMT
21:50:56.180 [main] DEBUG org.apache.http.headers -- http-outgoing-1 << Connection: keep-alive
21:50:56.180 [main] DEBUG org.apache.http.headers -- http-outgoing-1 << Keep-Alive: timeout=5
21:50:56.181 [main] DEBUG org.apache.http.impl.execchain.MainClientExec -- Connection can be kept alive for 5000 MILLISECONDS
21:50:56.181 [main] DEBUG org.apache.http.impl.conn.PoolingHttpClientConnectionManager -- Connection [id: 1][route: {}->http://localhost:3000] can be kept alive for 5.0 seconds
21:50:56.181 [main] DEBUG org.apache.http.impl.conn.DefaultManagedHttpClientConnection -- http-outgoing-1: set socket timeout to 0
21:50:56.181 [main] DEBUG org.apache.http.impl.conn.PoolingHttpClientConnectionManager -- Connection released: [id: 1][route: {}->http://localhost:3000][total available: 1; route allocated: 1 of 5; total allocated: 1 of 10]
21:50:56.181 [main] DEBUG org.apache.http.impl.conn.PoolingHttpClientConnectionManager -- Connection manager is shutting down
21:50:56.181 [main] DEBUG org.apache.http.impl.conn.DefaultManagedHttpClientConnection -- http-outgoing-1: Close connection
21:50:56.181 [main] DEBUG org.apache.http.impl.conn.PoolingHttpClientConnectionManager -- Connection manager shut down
21:50:56.181 [main] DEBUG com.intuit.karate -- response time in milliseconds: 7
1 < 200
1 < Content-Type: application/json; charset=utf-8
1 < Content-Length: 61
1 < Date: Wed, 27 Aug 2025 14:50:56 GMT
1 < Connection: keep-alive
1 < Keep-Alive: timeout=5
{
  "type":"custom",
  "data":{
    "configId":"654657"
  }
}

21:50:56.183 [main] DEBUG com.jayway.jsonpath.internal.path.CompiledPath -- Evaluating path: $['data']['configId']
21:50:56.185 [main] INFO com.intuit.karate -- [print] created configId is:  654657 
21:50:56.187 [main] DEBUG com.jayway.jsonpath.internal.path.CompiledPath -- Evaluating path: $
21:50:56.187 [main] DEBUG com.jayway.jsonpath.internal.path.CompiledPath -- Evaluating path: $
21:50:56.191 [main] INFO com.intuit.karate -- Current group: {
  "groupName": "PAPA",
  "materialCode": "1234.0"
}
 
21:50:56.192 [main] INFO com.intuit.karate -- Current vars: {
  "configId": "654657",
  "groupName": "PAPA",
  "materialCode": "1234.0"
}
 
21:50:56.200 [main] INFO com.intuit.karate.core.FeatureRuntime -- classpath:separateApi/set_material_by_group_name.feature - call by tag at line 9: Set_Material_By_Group_Name
21:50:56.208 [main] DEBUG com.jayway.jsonpath.internal.path.CompiledPath -- Evaluating path: $
21:50:56.209 [main] DEBUG org.apache.http.client.protocol.RequestAddCookies -- CookieSpec selected: karate
21:50:56.209 [main] DEBUG org.apache.http.client.protocol.RequestAuthCache -- Auth cache not set in the context
21:50:56.209 [main] DEBUG com.intuit.karate -- request:
1 > PATCH http://localhost:3000/dv/ccpconfigurator/654657/PAPA/material/1234.0?cps=true
1 > Accept: application/json
1 > Authorization: Bearer gdfagfagdadge
1 > Host: localhost:3000
1 > Connection: Keep-Alive
1 > User-Agent: Apache-HttpClient/4.5.14 (Java/23.0.2)
1 > Accept-Encoding: gzip,deflate


21:50:56.209 [main] DEBUG org.apache.http.impl.conn.PoolingHttpClientConnectionManager -- Connection request: [route: {}->http://localhost:3000][total available: 0; route allocated: 0 of 5; total allocated: 0 of 10]
21:50:56.209 [main] DEBUG org.apache.http.impl.conn.PoolingHttpClientConnectionManager -- Connection leased: [id: 2][route: {}->http://localhost:3000][total available: 0; route allocated: 1 of 5; total allocated: 1 of 10]
21:50:56.209 [main] DEBUG org.apache.http.impl.execchain.MainClientExec -- Opening connection {}->http://localhost:3000
21:50:56.209 [main] DEBUG org.apache.http.impl.conn.DefaultHttpClientConnectionOperator -- Connecting to localhost/127.0.0.1:3000
21:50:56.210 [main] DEBUG org.apache.http.impl.conn.DefaultHttpClientConnectionOperator -- Connection established 127.0.0.1:58837<->127.0.0.1:3000
21:50:56.210 [main] DEBUG org.apache.http.impl.conn.DefaultManagedHttpClientConnection -- http-outgoing-2: set socket timeout to 30000
21:50:56.210 [main] DEBUG org.apache.http.impl.execchain.MainClientExec -- Executing request PATCH /dv/ccpconfigurator/654657/PAPA/material/1234.0?cps=true HTTP/1.1
21:50:56.210 [main] DEBUG org.apache.http.impl.execchain.MainClientExec -- Proxy auth state: UNCHALLENGED
21:50:56.210 [main] DEBUG org.apache.http.headers -- http-outgoing-2 >> PATCH /dv/ccpconfigurator/654657/PAPA/material/1234.0?cps=true HTTP/1.1
21:50:56.210 [main] DEBUG org.apache.http.headers -- http-outgoing-2 >> Accept: application/json
21:50:56.210 [main] DEBUG org.apache.http.headers -- http-outgoing-2 >> Authorization: Bearer gdfagfagdadge
21:50:56.210 [main] DEBUG org.apache.http.headers -- http-outgoing-2 >> Host: localhost:3000
21:50:56.210 [main] DEBUG org.apache.http.headers -- http-outgoing-2 >> Connection: Keep-Alive
21:50:56.210 [main] DEBUG org.apache.http.headers -- http-outgoing-2 >> User-Agent: Apache-HttpClient/4.5.14 (Java/23.0.2)
21:50:56.210 [main] DEBUG org.apache.http.headers -- http-outgoing-2 >> Accept-Encoding: gzip,deflate
21:50:56.210 [main] DEBUG org.apache.http.wire -- http-outgoing-2 >> "PATCH /dv/ccpconfigurator/654657/PAPA/material/1234.0?cps=true HTTP/1.1[\r][\n]"
21:50:56.210 [main] DEBUG org.apache.http.wire -- http-outgoing-2 >> "Accept: application/json[\r][\n]"
21:50:56.210 [main] DEBUG org.apache.http.wire -- http-outgoing-2 >> "Authorization: Bearer gdfagfagdadge[\r][\n]"
21:50:56.210 [main] DEBUG org.apache.http.wire -- http-outgoing-2 >> "Host: localhost:3000[\r][\n]"
21:50:56.210 [main] DEBUG org.apache.http.wire -- http-outgoing-2 >> "Connection: Keep-Alive[\r][\n]"
21:50:56.210 [main] DEBUG org.apache.http.wire -- http-outgoing-2 >> "User-Agent: Apache-HttpClient/4.5.14 (Java/23.0.2)[\r][\n]"
21:50:56.210 [main] DEBUG org.apache.http.wire -- http-outgoing-2 >> "Accept-Encoding: gzip,deflate[\r][\n]"
21:50:56.210 [main] DEBUG org.apache.http.wire -- http-outgoing-2 >> "[\r][\n]"
21:50:56.215 [main] DEBUG org.apache.http.wire -- http-outgoing-2 << "HTTP/1.1 200 OK[\r][\n]"
21:50:56.215 [main] DEBUG org.apache.http.wire -- http-outgoing-2 << "Content-Type: application/json; charset=utf-8[\r][\n]"
21:50:56.215 [main] DEBUG org.apache.http.wire -- http-outgoing-2 << "Content-Length: 84[\r][\n]"
21:50:56.215 [main] DEBUG org.apache.http.wire -- http-outgoing-2 << "Date: Wed, 27 Aug 2025 14:50:56 GMT[\r][\n]"
21:50:56.215 [main] DEBUG org.apache.http.wire -- http-outgoing-2 << "Connection: keep-alive[\r][\n]"
21:50:56.215 [main] DEBUG org.apache.http.wire -- http-outgoing-2 << "Keep-Alive: timeout=5[\r][\n]"
21:50:56.215 [main] DEBUG org.apache.http.wire -- http-outgoing-2 << "[\r][\n]"
21:50:56.215 [main] DEBUG org.apache.http.wire -- http-outgoing-2 << "{[\n]"
21:50:56.215 [main] DEBUG org.apache.http.wire -- http-outgoing-2 << "  "type":"custom",[\n]"
21:50:56.215 [main] DEBUG org.apache.http.wire -- http-outgoing-2 << "  "data":{[\n]"
21:50:56.216 [main] DEBUG org.apache.http.wire -- http-outgoing-2 << "    "consistent":true,[\n]"
21:50:56.216 [main] DEBUG org.apache.http.wire -- http-outgoing-2 << "    "configId":"654657"[\n]"
21:50:56.216 [main] DEBUG org.apache.http.wire -- http-outgoing-2 << "  }[\n]"
21:50:56.216 [main] DEBUG org.apache.http.wire -- http-outgoing-2 << "}"
21:50:56.216 [main] DEBUG org.apache.http.headers -- http-outgoing-2 << HTTP/1.1 200 OK
21:50:56.216 [main] DEBUG org.apache.http.headers -- http-outgoing-2 << Content-Type: application/json; charset=utf-8
21:50:56.216 [main] DEBUG org.apache.http.headers -- http-outgoing-2 << Content-Length: 84
21:50:56.216 [main] DEBUG org.apache.http.headers -- http-outgoing-2 << Date: Wed, 27 Aug 2025 14:50:56 GMT
21:50:56.216 [main] DEBUG org.apache.http.headers -- http-outgoing-2 << Connection: keep-alive
21:50:56.216 [main] DEBUG org.apache.http.headers -- http-outgoing-2 << Keep-Alive: timeout=5
21:50:56.216 [main] DEBUG org.apache.http.impl.execchain.MainClientExec -- Connection can be kept alive for 5000 MILLISECONDS
21:50:56.216 [main] DEBUG org.apache.http.impl.conn.PoolingHttpClientConnectionManager -- Connection [id: 2][route: {}->http://localhost:3000] can be kept alive for 5.0 seconds
21:50:56.216 [main] DEBUG org.apache.http.impl.conn.DefaultManagedHttpClientConnection -- http-outgoing-2: set socket timeout to 0
21:50:56.216 [main] DEBUG org.apache.http.impl.conn.PoolingHttpClientConnectionManager -- Connection released: [id: 2][route: {}->http://localhost:3000][total available: 1; route allocated: 1 of 5; total allocated: 1 of 10]
21:50:56.217 [main] DEBUG org.apache.http.impl.conn.PoolingHttpClientConnectionManager -- Connection manager is shutting down
21:50:56.217 [main] DEBUG org.apache.http.impl.conn.DefaultManagedHttpClientConnection -- http-outgoing-2: Close connection
21:50:56.217 [main] DEBUG org.apache.http.impl.conn.PoolingHttpClientConnectionManager -- Connection manager shut down
21:50:56.217 [main] DEBUG com.intuit.karate -- response time in milliseconds: 8
1 < 200
1 < Content-Type: application/json; charset=utf-8
1 < Content-Length: 84
1 < Date: Wed, 27 Aug 2025 14:50:56 GMT
1 < Connection: keep-alive
1 < Keep-Alive: timeout=5
{
  "type":"custom",
  "data":{
    "consistent":true,
    "configId":"654657"
  }
}

21:50:56.221 [main] INFO com.intuit.karate -- [print] Response Set Material By Group Name:  654657 groupName PAPA :  {
  "type": "custom",
  "data": {
    "consistent": true,
    "configId": "654657"
  }
}
 
21:50:56.222 [main] INFO com.intuit.karate -- {
  "groupName": "PAPA",
  "responseHeaders": {
    "Content-Type": [
      "application/json; charset=utf-8"
    ],
    "Content-Length": [
      "84"
    ],
    "Date": [
      "Wed, 27 Aug 2025 14:50:56 GMT"
    ],
    "Connection": [
      "keep-alive"
    ],
    "Keep-Alive": [
      "timeout=5"
    ],
    "Set-Cookie": [
    ]
  },
  "configId": "654657",
  "responseTime": 8,
  "response": {
    "type": "custom",
    "data": {
      "consistent": true,
      "configId": "654657"
    }
  },
  "materialCode": "1234.0",
  "responseStatus": 200
}
 
21:50:56.239 [main] INFO com.intuit.karate -- Current group: {
  "groupName": "MAMA",
  "materialCode": "2423534.0"
}
 
21:50:56.239 [main] INFO com.intuit.karate -- Current vars: {
  "configId": "654657",
  "groupName": "MAMA",
  "materialCode": "2423534.0"
}
 
21:50:56.241 [main] INFO com.intuit.karate.core.FeatureRuntime -- classpath:separateApi/set_material_by_group_name.feature - call by tag at line 9: Set_Material_By_Group_Name
21:50:56.247 [main] DEBUG com.jayway.jsonpath.internal.path.CompiledPath -- Evaluating path: $
21:50:56.248 [main] DEBUG org.apache.http.client.protocol.RequestAddCookies -- CookieSpec selected: karate
21:50:56.248 [main] DEBUG org.apache.http.client.protocol.RequestAuthCache -- Auth cache not set in the context
21:50:56.248 [main] DEBUG com.intuit.karate -- request:
1 > PATCH http://localhost:3000/dv/ccpconfigurator/654657/MAMA/material/2423534.0?cps=true
1 > Accept: application/json
1 > Authorization: Bearer gdfagfagdadge
1 > Host: localhost:3000
1 > Connection: Keep-Alive
1 > User-Agent: Apache-HttpClient/4.5.14 (Java/23.0.2)
1 > Accept-Encoding: gzip,deflate


21:50:56.248 [main] DEBUG org.apache.http.impl.conn.PoolingHttpClientConnectionManager -- Connection request: [route: {}->http://localhost:3000][total available: 0; route allocated: 0 of 5; total allocated: 0 of 10]
21:50:56.248 [main] DEBUG org.apache.http.impl.conn.PoolingHttpClientConnectionManager -- Connection leased: [id: 3][route: {}->http://localhost:3000][total available: 0; route allocated: 1 of 5; total allocated: 1 of 10]
21:50:56.248 [main] DEBUG org.apache.http.impl.execchain.MainClientExec -- Opening connection {}->http://localhost:3000
21:50:56.248 [main] DEBUG org.apache.http.impl.conn.DefaultHttpClientConnectionOperator -- Connecting to localhost/127.0.0.1:3000
21:50:56.249 [main] DEBUG org.apache.http.impl.conn.DefaultHttpClientConnectionOperator -- Connection established 127.0.0.1:58838<->127.0.0.1:3000
21:50:56.249 [main] DEBUG org.apache.http.impl.conn.DefaultManagedHttpClientConnection -- http-outgoing-3: set socket timeout to 30000
21:50:56.249 [main] DEBUG org.apache.http.impl.execchain.MainClientExec -- Executing request PATCH /dv/ccpconfigurator/654657/MAMA/material/2423534.0?cps=true HTTP/1.1
21:50:56.249 [main] DEBUG org.apache.http.impl.execchain.MainClientExec -- Proxy auth state: UNCHALLENGED
21:50:56.249 [main] DEBUG org.apache.http.headers -- http-outgoing-3 >> PATCH /dv/ccpconfigurator/654657/MAMA/material/2423534.0?cps=true HTTP/1.1
21:50:56.249 [main] DEBUG org.apache.http.headers -- http-outgoing-3 >> Accept: application/json
21:50:56.249 [main] DEBUG org.apache.http.headers -- http-outgoing-3 >> Authorization: Bearer gdfagfagdadge
21:50:56.249 [main] DEBUG org.apache.http.headers -- http-outgoing-3 >> Host: localhost:3000
21:50:56.249 [main] DEBUG org.apache.http.headers -- http-outgoing-3 >> Connection: Keep-Alive
21:50:56.249 [main] DEBUG org.apache.http.headers -- http-outgoing-3 >> User-Agent: Apache-HttpClient/4.5.14 (Java/23.0.2)
21:50:56.249 [main] DEBUG org.apache.http.headers -- http-outgoing-3 >> Accept-Encoding: gzip,deflate
21:50:56.249 [main] DEBUG org.apache.http.wire -- http-outgoing-3 >> "PATCH /dv/ccpconfigurator/654657/MAMA/material/2423534.0?cps=true HTTP/1.1[\r][\n]"
21:50:56.249 [main] DEBUG org.apache.http.wire -- http-outgoing-3 >> "Accept: application/json[\r][\n]"
21:50:56.249 [main] DEBUG org.apache.http.wire -- http-outgoing-3 >> "Authorization: Bearer gdfagfagdadge[\r][\n]"
21:50:56.249 [main] DEBUG org.apache.http.wire -- http-outgoing-3 >> "Host: localhost:3000[\r][\n]"
21:50:56.249 [main] DEBUG org.apache.http.wire -- http-outgoing-3 >> "Connection: Keep-Alive[\r][\n]"
21:50:56.249 [main] DEBUG org.apache.http.wire -- http-outgoing-3 >> "User-Agent: Apache-HttpClient/4.5.14 (Java/23.0.2)[\r][\n]"
21:50:56.249 [main] DEBUG org.apache.http.wire -- http-outgoing-3 >> "Accept-Encoding: gzip,deflate[\r][\n]"
21:50:56.249 [main] DEBUG org.apache.http.wire -- http-outgoing-3 >> "[\r][\n]"
21:50:56.253 [main] DEBUG org.apache.http.wire -- http-outgoing-3 << "HTTP/1.1 200 OK[\r][\n]"
21:50:56.254 [main] DEBUG org.apache.http.wire -- http-outgoing-3 << "Content-Type: application/json; charset=utf-8[\r][\n]"
21:50:56.254 [main] DEBUG org.apache.http.wire -- http-outgoing-3 << "Content-Length: 84[\r][\n]"
21:50:56.254 [main] DEBUG org.apache.http.wire -- http-outgoing-3 << "Date: Wed, 27 Aug 2025 14:50:56 GMT[\r][\n]"
21:50:56.254 [main] DEBUG org.apache.http.wire -- http-outgoing-3 << "Connection: keep-alive[\r][\n]"
21:50:56.254 [main] DEBUG org.apache.http.wire -- http-outgoing-3 << "Keep-Alive: timeout=5[\r][\n]"
21:50:56.254 [main] DEBUG org.apache.http.wire -- http-outgoing-3 << "[\r][\n]"
21:50:56.254 [main] DEBUG org.apache.http.wire -- http-outgoing-3 << "{[\n]"
21:50:56.254 [main] DEBUG org.apache.http.wire -- http-outgoing-3 << "  "type":"custom",[\n]"
21:50:56.254 [main] DEBUG org.apache.http.wire -- http-outgoing-3 << "  "data":{[\n]"
21:50:56.254 [main] DEBUG org.apache.http.wire -- http-outgoing-3 << "    "consistent":true,[\n]"
21:50:56.254 [main] DEBUG org.apache.http.wire -- http-outgoing-3 << "    "configId":"654657"[\n]"
21:50:56.254 [main] DEBUG org.apache.http.wire -- http-outgoing-3 << "  }[\n]"
21:50:56.254 [main] DEBUG org.apache.http.wire -- http-outgoing-3 << "}"
21:50:56.254 [main] DEBUG org.apache.http.headers -- http-outgoing-3 << HTTP/1.1 200 OK
21:50:56.254 [main] DEBUG org.apache.http.headers -- http-outgoing-3 << Content-Type: application/json; charset=utf-8
21:50:56.254 [main] DEBUG org.apache.http.headers -- http-outgoing-3 << Content-Length: 84
21:50:56.254 [main] DEBUG org.apache.http.headers -- http-outgoing-3 << Date: Wed, 27 Aug 2025 14:50:56 GMT
21:50:56.254 [main] DEBUG org.apache.http.headers -- http-outgoing-3 << Connection: keep-alive
21:50:56.254 [main] DEBUG org.apache.http.headers -- http-outgoing-3 << Keep-Alive: timeout=5
21:50:56.254 [main] DEBUG org.apache.http.impl.execchain.MainClientExec -- Connection can be kept alive for 5000 MILLISECONDS
21:50:56.255 [main] DEBUG org.apache.http.impl.conn.PoolingHttpClientConnectionManager -- Connection [id: 3][route: {}->http://localhost:3000] can be kept alive for 5.0 seconds
21:50:56.255 [main] DEBUG org.apache.http.impl.conn.DefaultManagedHttpClientConnection -- http-outgoing-3: set socket timeout to 0
21:50:56.255 [main] DEBUG org.apache.http.impl.conn.PoolingHttpClientConnectionManager -- Connection released: [id: 3][route: {}->http://localhost:3000][total available: 1; route allocated: 1 of 5; total allocated: 1 of 10]
21:50:56.255 [main] DEBUG org.apache.http.impl.conn.PoolingHttpClientConnectionManager -- Connection manager is shutting down
21:50:56.255 [main] DEBUG org.apache.http.impl.conn.DefaultManagedHttpClientConnection -- http-outgoing-3: Close connection
21:50:56.255 [main] DEBUG org.apache.http.impl.conn.PoolingHttpClientConnectionManager -- Connection manager shut down
21:50:56.255 [main] DEBUG com.intuit.karate -- response time in milliseconds: 7
1 < 200
1 < Content-Type: application/json; charset=utf-8
1 < Content-Length: 84
1 < Date: Wed, 27 Aug 2025 14:50:56 GMT
1 < Connection: keep-alive
1 < Keep-Alive: timeout=5
{
  "type":"custom",
  "data":{
    "consistent":true,
    "configId":"654657"
  }
}

21:50:56.257 [main] INFO com.intuit.karate -- [print] Response Set Material By Group Name:  654657 groupName MAMA :  {
  "type": "custom",
  "data": {
    "consistent": true,
    "configId": "654657"
  }
}
 
21:50:56.257 [main] INFO com.intuit.karate -- {
  "groupName": "MAMA",
  "responseHeaders": {
    "Content-Type": [
      "application/json; charset=utf-8"
    ],
    "Content-Length": [
      "84"
    ],
    "Date": [
      "Wed, 27 Aug 2025 14:50:56 GMT"
    ],
    "Connection": [
      "keep-alive"
    ],
    "Keep-Alive": [
      "timeout=5"
    ],
    "Set-Cookie": [
    ]
  },
  "configId": "654657",
  "responseTime": 7,
  "response": {
    "type": "custom",
    "data": {
      "consistent": true,
      "configId": "654657"
    }
  },
  "materialCode": "2423534.0",
  "responseStatus": 200
}
 
21:50:56.279 [main] INFO com.intuit.karate -- Current run i: {
  "response": {
    "type": "custom",
    "data": {
      "consistent": true,
      "configId": "654657"
    }
  },
  "args": {
    "configId": "654657",
    "groupName": "PAPA",
    "materialCode": "1234.0"
  },
  "testStepName": "Set_Material_By_Group_Name"
}
 
21:50:56.283 [main] INFO com.intuit.karate -- Current run i: {
  "response": {
    "type": "custom",
    "data": {
      "consistent": true,
      "configId": "654657"
    }
  },
  "args": {
    "configId": "654657",
    "groupName": "MAMA",
    "materialCode": "2423534.0"
  },
  "testStepName": "Set_Material_By_Group_Name"
}
 
]]></system-out>
    <system-err><![CDATA[ERROR StatusLogger Log4j2 could not find a logging implementation. Please add log4j-core to the classpath. Using SimpleLogger to log to the console...
]]></system-err>
  </testcase>
  <testcase name="[1.2:44] Update All Group of Product MOMO World" classname="update_product" time="0.104">
    <system-out><![CDATA[21:50:56.299 [main] INFO com.intuit.karate -- [print] Hostname: http://localhost:3000 
21:50:56.338 [main] INFO com.intuit.karate.core.FeatureRuntime -- classpath:/separateApi/get_configId_by_productCode.feature - call by tag at line 9: Get_ConfigId_Of_Product_Code
21:50:56.344 [main] DEBUG org.apache.http.client.protocol.RequestAddCookies -- CookieSpec selected: karate
21:50:56.344 [main] DEBUG org.apache.http.client.protocol.RequestAuthCache -- Auth cache not set in the context
21:50:56.344 [main] DEBUG com.intuit.karate -- request:
1 > GET http://localhost:3000/dv/products/MOMO/configurattors/ccpconfigurator?provideAllAttributes=true&cps=true
1 > Accept: application/json
1 > Authorization: Bearer gdfagfagdadge
1 > Host: localhost:3000
1 > Connection: Keep-Alive
1 > User-Agent: Apache-HttpClient/4.5.14 (Java/23.0.2)
1 > Accept-Encoding: gzip,deflate


21:50:56.344 [main] DEBUG org.apache.http.impl.conn.PoolingHttpClientConnectionManager -- Connection request: [route: {}->http://localhost:3000][total available: 0; route allocated: 0 of 5; total allocated: 0 of 10]
21:50:56.344 [main] DEBUG org.apache.http.impl.conn.PoolingHttpClientConnectionManager -- Connection leased: [id: 4][route: {}->http://localhost:3000][total available: 0; route allocated: 1 of 5; total allocated: 1 of 10]
21:50:56.344 [main] DEBUG org.apache.http.impl.execchain.MainClientExec -- Opening connection {}->http://localhost:3000
21:50:56.344 [main] DEBUG org.apache.http.impl.conn.DefaultHttpClientConnectionOperator -- Connecting to localhost/127.0.0.1:3000
21:50:56.345 [main] DEBUG org.apache.http.impl.conn.DefaultHttpClientConnectionOperator -- Connection established 127.0.0.1:58839<->127.0.0.1:3000
21:50:56.345 [main] DEBUG org.apache.http.impl.conn.DefaultManagedHttpClientConnection -- http-outgoing-4: set socket timeout to 30000
21:50:56.345 [main] DEBUG org.apache.http.impl.execchain.MainClientExec -- Executing request GET /dv/products/MOMO/configurattors/ccpconfigurator?provideAllAttributes=true&cps=true HTTP/1.1
21:50:56.345 [main] DEBUG org.apache.http.impl.execchain.MainClientExec -- Proxy auth state: UNCHALLENGED
21:50:56.345 [main] DEBUG org.apache.http.headers -- http-outgoing-4 >> GET /dv/products/MOMO/configurattors/ccpconfigurator?provideAllAttributes=true&cps=true HTTP/1.1
21:50:56.345 [main] DEBUG org.apache.http.headers -- http-outgoing-4 >> Accept: application/json
21:50:56.345 [main] DEBUG org.apache.http.headers -- http-outgoing-4 >> Authorization: Bearer gdfagfagdadge
21:50:56.345 [main] DEBUG org.apache.http.headers -- http-outgoing-4 >> Host: localhost:3000
21:50:56.345 [main] DEBUG org.apache.http.headers -- http-outgoing-4 >> Connection: Keep-Alive
21:50:56.345 [main] DEBUG org.apache.http.headers -- http-outgoing-4 >> User-Agent: Apache-HttpClient/4.5.14 (Java/23.0.2)
21:50:56.345 [main] DEBUG org.apache.http.headers -- http-outgoing-4 >> Accept-Encoding: gzip,deflate
21:50:56.345 [main] DEBUG org.apache.http.wire -- http-outgoing-4 >> "GET /dv/products/MOMO/configurattors/ccpconfigurator?provideAllAttributes=true&cps=true HTTP/1.1[\r][\n]"
21:50:56.346 [main] DEBUG org.apache.http.wire -- http-outgoing-4 >> "Accept: application/json[\r][\n]"
21:50:56.346 [main] DEBUG org.apache.http.wire -- http-outgoing-4 >> "Authorization: Bearer gdfagfagdadge[\r][\n]"
21:50:56.346 [main] DEBUG org.apache.http.wire -- http-outgoing-4 >> "Host: localhost:3000[\r][\n]"
21:50:56.346 [main] DEBUG org.apache.http.wire -- http-outgoing-4 >> "Connection: Keep-Alive[\r][\n]"
21:50:56.346 [main] DEBUG org.apache.http.wire -- http-outgoing-4 >> "User-Agent: Apache-HttpClient/4.5.14 (Java/23.0.2)[\r][\n]"
21:50:56.346 [main] DEBUG org.apache.http.wire -- http-outgoing-4 >> "Accept-Encoding: gzip,deflate[\r][\n]"
21:50:56.346 [main] DEBUG org.apache.http.wire -- http-outgoing-4 >> "[\r][\n]"
21:50:56.350 [main] DEBUG org.apache.http.wire -- http-outgoing-4 << "HTTP/1.1 200 OK[\r][\n]"
21:50:56.350 [main] DEBUG org.apache.http.wire -- http-outgoing-4 << "Content-Type: application/json; charset=utf-8[\r][\n]"
21:50:56.350 [main] DEBUG org.apache.http.wire -- http-outgoing-4 << "Content-Length: 61[\r][\n]"
21:50:56.350 [main] DEBUG org.apache.http.wire -- http-outgoing-4 << "Date: Wed, 27 Aug 2025 14:50:56 GMT[\r][\n]"
21:50:56.350 [main] DEBUG org.apache.http.wire -- http-outgoing-4 << "Connection: keep-alive[\r][\n]"
21:50:56.351 [main] DEBUG org.apache.http.wire -- http-outgoing-4 << "Keep-Alive: timeout=5[\r][\n]"
21:50:56.351 [main] DEBUG org.apache.http.wire -- http-outgoing-4 << "[\r][\n]"
21:50:56.351 [main] DEBUG org.apache.http.wire -- http-outgoing-4 << "{[\n]"
21:50:56.351 [main] DEBUG org.apache.http.wire -- http-outgoing-4 << "  "type":"custom",[\n]"
21:50:56.351 [main] DEBUG org.apache.http.wire -- http-outgoing-4 << "  "data":{[\n]"
21:50:56.351 [main] DEBUG org.apache.http.wire -- http-outgoing-4 << "    "configId":"654657"[\n]"
21:50:56.351 [main] DEBUG org.apache.http.wire -- http-outgoing-4 << "  }[\n]"
21:50:56.351 [main] DEBUG org.apache.http.wire -- http-outgoing-4 << "}"
21:50:56.351 [main] DEBUG org.apache.http.headers -- http-outgoing-4 << HTTP/1.1 200 OK
21:50:56.351 [main] DEBUG org.apache.http.headers -- http-outgoing-4 << Content-Type: application/json; charset=utf-8
21:50:56.351 [main] DEBUG org.apache.http.headers -- http-outgoing-4 << Content-Length: 61
21:50:56.351 [main] DEBUG org.apache.http.headers -- http-outgoing-4 << Date: Wed, 27 Aug 2025 14:50:56 GMT
21:50:56.351 [main] DEBUG org.apache.http.headers -- http-outgoing-4 << Connection: keep-alive
21:50:56.351 [main] DEBUG org.apache.http.headers -- http-outgoing-4 << Keep-Alive: timeout=5
21:50:56.351 [main] DEBUG org.apache.http.impl.execchain.MainClientExec -- Connection can be kept alive for 5000 MILLISECONDS
21:50:56.351 [main] DEBUG org.apache.http.impl.conn.PoolingHttpClientConnectionManager -- Connection [id: 4][route: {}->http://localhost:3000] can be kept alive for 5.0 seconds
21:50:56.351 [main] DEBUG org.apache.http.impl.conn.DefaultManagedHttpClientConnection -- http-outgoing-4: set socket timeout to 0
21:50:56.351 [main] DEBUG org.apache.http.impl.conn.PoolingHttpClientConnectionManager -- Connection released: [id: 4][route: {}->http://localhost:3000][total available: 1; route allocated: 1 of 5; total allocated: 1 of 10]
21:50:56.351 [main] DEBUG org.apache.http.impl.conn.PoolingHttpClientConnectionManager -- Connection manager is shutting down
21:50:56.351 [main] DEBUG org.apache.http.impl.conn.DefaultManagedHttpClientConnection -- http-outgoing-4: Close connection
21:50:56.352 [main] DEBUG org.apache.http.impl.conn.PoolingHttpClientConnectionManager -- Connection manager shut down
21:50:56.352 [main] DEBUG com.intuit.karate -- response time in milliseconds: 7
1 < 200
1 < Content-Type: application/json; charset=utf-8
1 < Content-Length: 61
1 < Date: Wed, 27 Aug 2025 14:50:56 GMT
1 < Connection: keep-alive
1 < Keep-Alive: timeout=5
{
  "type":"custom",
  "data":{
    "configId":"654657"
  }
}

21:50:56.353 [main] DEBUG com.jayway.jsonpath.internal.path.CompiledPath -- Evaluating path: $['data']['configId']
21:50:56.354 [main] INFO com.intuit.karate -- [print] created configId is:  654657 
21:50:56.354 [main] DEBUG com.jayway.jsonpath.internal.path.CompiledPath -- Evaluating path: $
21:50:56.355 [main] DEBUG com.jayway.jsonpath.internal.path.CompiledPath -- Evaluating path: $
21:50:56.355 [main] INFO com.intuit.karate -- Current group: {
  "groupName": "SUNNY",
  "materialCode": "1234.0"
}
 
21:50:56.355 [main] INFO com.intuit.karate -- Current vars: {
  "configId": "654657",
  "groupName": "SUNNY",
  "materialCode": "1234.0"
}
 
21:50:56.357 [main] INFO com.intuit.karate.core.FeatureRuntime -- classpath:separateApi/set_material_by_group_name.feature - call by tag at line 9: Set_Material_By_Group_Name
21:50:56.363 [main] DEBUG com.jayway.jsonpath.internal.path.CompiledPath -- Evaluating path: $
21:50:56.363 [main] DEBUG org.apache.http.client.protocol.RequestAddCookies -- CookieSpec selected: karate
21:50:56.363 [main] DEBUG org.apache.http.client.protocol.RequestAuthCache -- Auth cache not set in the context
21:50:56.364 [main] DEBUG com.intuit.karate -- request:
1 > PATCH http://localhost:3000/dv/ccpconfigurator/654657/SUNNY/material/1234.0?cps=true
1 > Accept: application/json
1 > Authorization: Bearer gdfagfagdadge
1 > Host: localhost:3000
1 > Connection: Keep-Alive
1 > User-Agent: Apache-HttpClient/4.5.14 (Java/23.0.2)
1 > Accept-Encoding: gzip,deflate


21:50:56.364 [main] DEBUG org.apache.http.impl.conn.PoolingHttpClientConnectionManager -- Connection request: [route: {}->http://localhost:3000][total available: 0; route allocated: 0 of 5; total allocated: 0 of 10]
21:50:56.364 [main] DEBUG org.apache.http.impl.conn.PoolingHttpClientConnectionManager -- Connection leased: [id: 5][route: {}->http://localhost:3000][total available: 0; route allocated: 1 of 5; total allocated: 1 of 10]
21:50:56.364 [main] DEBUG org.apache.http.impl.execchain.MainClientExec -- Opening connection {}->http://localhost:3000
21:50:56.364 [main] DEBUG org.apache.http.impl.conn.DefaultHttpClientConnectionOperator -- Connecting to localhost/127.0.0.1:3000
21:50:56.364 [main] DEBUG org.apache.http.impl.conn.DefaultHttpClientConnectionOperator -- Connection established 127.0.0.1:58840<->127.0.0.1:3000
21:50:56.364 [main] DEBUG org.apache.http.impl.conn.DefaultManagedHttpClientConnection -- http-outgoing-5: set socket timeout to 30000
21:50:56.364 [main] DEBUG org.apache.http.impl.execchain.MainClientExec -- Executing request PATCH /dv/ccpconfigurator/654657/SUNNY/material/1234.0?cps=true HTTP/1.1
21:50:56.364 [main] DEBUG org.apache.http.impl.execchain.MainClientExec -- Proxy auth state: UNCHALLENGED
21:50:56.364 [main] DEBUG org.apache.http.headers -- http-outgoing-5 >> PATCH /dv/ccpconfigurator/654657/SUNNY/material/1234.0?cps=true HTTP/1.1
21:50:56.365 [main] DEBUG org.apache.http.headers -- http-outgoing-5 >> Accept: application/json
21:50:56.365 [main] DEBUG org.apache.http.headers -- http-outgoing-5 >> Authorization: Bearer gdfagfagdadge
21:50:56.365 [main] DEBUG org.apache.http.headers -- http-outgoing-5 >> Host: localhost:3000
21:50:56.365 [main] DEBUG org.apache.http.headers -- http-outgoing-5 >> Connection: Keep-Alive
21:50:56.365 [main] DEBUG org.apache.http.headers -- http-outgoing-5 >> User-Agent: Apache-HttpClient/4.5.14 (Java/23.0.2)
21:50:56.365 [main] DEBUG org.apache.http.headers -- http-outgoing-5 >> Accept-Encoding: gzip,deflate
21:50:56.365 [main] DEBUG org.apache.http.wire -- http-outgoing-5 >> "PATCH /dv/ccpconfigurator/654657/SUNNY/material/1234.0?cps=true HTTP/1.1[\r][\n]"
21:50:56.365 [main] DEBUG org.apache.http.wire -- http-outgoing-5 >> "Accept: application/json[\r][\n]"
21:50:56.365 [main] DEBUG org.apache.http.wire -- http-outgoing-5 >> "Authorization: Bearer gdfagfagdadge[\r][\n]"
21:50:56.365 [main] DEBUG org.apache.http.wire -- http-outgoing-5 >> "Host: localhost:3000[\r][\n]"
21:50:56.365 [main] DEBUG org.apache.http.wire -- http-outgoing-5 >> "Connection: Keep-Alive[\r][\n]"
21:50:56.365 [main] DEBUG org.apache.http.wire -- http-outgoing-5 >> "User-Agent: Apache-HttpClient/4.5.14 (Java/23.0.2)[\r][\n]"
21:50:56.365 [main] DEBUG org.apache.http.wire -- http-outgoing-5 >> "Accept-Encoding: gzip,deflate[\r][\n]"
21:50:56.365 [main] DEBUG org.apache.http.wire -- http-outgoing-5 >> "[\r][\n]"
21:50:56.369 [main] DEBUG org.apache.http.wire -- http-outgoing-5 << "HTTP/1.1 200 OK[\r][\n]"
21:50:56.369 [main] DEBUG org.apache.http.wire -- http-outgoing-5 << "Content-Type: application/json; charset=utf-8[\r][\n]"
21:50:56.370 [main] DEBUG org.apache.http.wire -- http-outgoing-5 << "Content-Length: 84[\r][\n]"
21:50:56.370 [main] DEBUG org.apache.http.wire -- http-outgoing-5 << "Date: Wed, 27 Aug 2025 14:50:56 GMT[\r][\n]"
21:50:56.370 [main] DEBUG org.apache.http.wire -- http-outgoing-5 << "Connection: keep-alive[\r][\n]"
21:50:56.370 [main] DEBUG org.apache.http.wire -- http-outgoing-5 << "Keep-Alive: timeout=5[\r][\n]"
21:50:56.370 [main] DEBUG org.apache.http.wire -- http-outgoing-5 << "[\r][\n]"
21:50:56.370 [main] DEBUG org.apache.http.wire -- http-outgoing-5 << "{[\n]"
21:50:56.370 [main] DEBUG org.apache.http.wire -- http-outgoing-5 << "  "type":"custom",[\n]"
21:50:56.370 [main] DEBUG org.apache.http.wire -- http-outgoing-5 << "  "data":{[\n]"
21:50:56.370 [main] DEBUG org.apache.http.wire -- http-outgoing-5 << "    "consistent":true,[\n]"
21:50:56.370 [main] DEBUG org.apache.http.wire -- http-outgoing-5 << "    "configId":"654657"[\n]"
21:50:56.370 [main] DEBUG org.apache.http.wire -- http-outgoing-5 << "  }[\n]"
21:50:56.370 [main] DEBUG org.apache.http.wire -- http-outgoing-5 << "}"
21:50:56.370 [main] DEBUG org.apache.http.headers -- http-outgoing-5 << HTTP/1.1 200 OK
21:50:56.370 [main] DEBUG org.apache.http.headers -- http-outgoing-5 << Content-Type: application/json; charset=utf-8
21:50:56.370 [main] DEBUG org.apache.http.headers -- http-outgoing-5 << Content-Length: 84
21:50:56.370 [main] DEBUG org.apache.http.headers -- http-outgoing-5 << Date: Wed, 27 Aug 2025 14:50:56 GMT
21:50:56.370 [main] DEBUG org.apache.http.headers -- http-outgoing-5 << Connection: keep-alive
21:50:56.370 [main] DEBUG org.apache.http.headers -- http-outgoing-5 << Keep-Alive: timeout=5
21:50:56.371 [main] DEBUG org.apache.http.impl.execchain.MainClientExec -- Connection can be kept alive for 5000 MILLISECONDS
21:50:56.371 [main] DEBUG org.apache.http.impl.conn.PoolingHttpClientConnectionManager -- Connection [id: 5][route: {}->http://localhost:3000] can be kept alive for 5.0 seconds
21:50:56.371 [main] DEBUG org.apache.http.impl.conn.DefaultManagedHttpClientConnection -- http-outgoing-5: set socket timeout to 0
21:50:56.371 [main] DEBUG org.apache.http.impl.conn.PoolingHttpClientConnectionManager -- Connection released: [id: 5][route: {}->http://localhost:3000][total available: 1; route allocated: 1 of 5; total allocated: 1 of 10]
21:50:56.371 [main] DEBUG org.apache.http.impl.conn.PoolingHttpClientConnectionManager -- Connection manager is shutting down
21:50:56.371 [main] DEBUG org.apache.http.impl.conn.DefaultManagedHttpClientConnection -- http-outgoing-5: Close connection
21:50:56.371 [main] DEBUG org.apache.http.impl.conn.PoolingHttpClientConnectionManager -- Connection manager shut down
21:50:56.371 [main] DEBUG com.intuit.karate -- response time in milliseconds: 7
1 < 200
1 < Content-Type: application/json; charset=utf-8
1 < Content-Length: 84
1 < Date: Wed, 27 Aug 2025 14:50:56 GMT
1 < Connection: keep-alive
1 < Keep-Alive: timeout=5
{
  "type":"custom",
  "data":{
    "consistent":true,
    "configId":"654657"
  }
}

21:50:56.373 [main] INFO com.intuit.karate -- [print] Response Set Material By Group Name:  654657 groupName SUNNY :  {
  "type": "custom",
  "data": {
    "consistent": true,
    "configId": "654657"
  }
}
 
21:50:56.374 [main] INFO com.intuit.karate -- {
  "groupName": "SUNNY",
  "responseHeaders": {
    "Content-Type": [
      "application/json; charset=utf-8"
    ],
    "Content-Length": [
      "84"
    ],
    "Date": [
      "Wed, 27 Aug 2025 14:50:56 GMT"
    ],
    "Connection": [
      "keep-alive"
    ],
    "Keep-Alive": [
      "timeout=5"
    ],
    "Set-Cookie": [
    ]
  },
  "configId": "654657",
  "responseTime": 7,
  "response": {
    "type": "custom",
    "data": {
      "consistent": true,
      "configId": "654657"
    }
  },
  "materialCode": "1234.0",
  "responseStatus": 200
}
 
21:50:56.375 [main] INFO com.intuit.karate -- Current group: {
  "groupName": "WIND",
  "materialCode": "2423534.0"
}
 
21:50:56.375 [main] INFO com.intuit.karate -- Current vars: {
  "configId": "654657",
  "groupName": "WIND",
  "materialCode": "2423534.0"
}
 
21:50:56.376 [main] INFO com.intuit.karate.core.FeatureRuntime -- classpath:separateApi/set_material_by_group_name.feature - call by tag at line 9: Set_Material_By_Group_Name
21:50:56.382 [main] DEBUG com.jayway.jsonpath.internal.path.CompiledPath -- Evaluating path: $
21:50:56.383 [main] DEBUG org.apache.http.client.protocol.RequestAddCookies -- CookieSpec selected: karate
21:50:56.383 [main] DEBUG org.apache.http.client.protocol.RequestAuthCache -- Auth cache not set in the context
21:50:56.383 [main] DEBUG com.intuit.karate -- request:
1 > PATCH http://localhost:3000/dv/ccpconfigurator/654657/WIND/material/2423534.0?cps=true
1 > Accept: application/json
1 > Authorization: Bearer gdfagfagdadge
1 > Host: localhost:3000
1 > Connection: Keep-Alive
1 > User-Agent: Apache-HttpClient/4.5.14 (Java/23.0.2)
1 > Accept-Encoding: gzip,deflate


21:50:56.384 [main] DEBUG org.apache.http.impl.conn.PoolingHttpClientConnectionManager -- Connection request: [route: {}->http://localhost:3000][total available: 0; route allocated: 0 of 5; total allocated: 0 of 10]
21:50:56.384 [main] DEBUG org.apache.http.impl.conn.PoolingHttpClientConnectionManager -- Connection leased: [id: 6][route: {}->http://localhost:3000][total available: 0; route allocated: 1 of 5; total allocated: 1 of 10]
21:50:56.384 [main] DEBUG org.apache.http.impl.execchain.MainClientExec -- Opening connection {}->http://localhost:3000
21:50:56.384 [main] DEBUG org.apache.http.impl.conn.DefaultHttpClientConnectionOperator -- Connecting to localhost/127.0.0.1:3000
21:50:56.384 [main] DEBUG org.apache.http.impl.conn.DefaultHttpClientConnectionOperator -- Connection established 127.0.0.1:58841<->127.0.0.1:3000
21:50:56.384 [main] DEBUG org.apache.http.impl.conn.DefaultManagedHttpClientConnection -- http-outgoing-6: set socket timeout to 30000
21:50:56.384 [main] DEBUG org.apache.http.impl.execchain.MainClientExec -- Executing request PATCH /dv/ccpconfigurator/654657/WIND/material/2423534.0?cps=true HTTP/1.1
21:50:56.384 [main] DEBUG org.apache.http.impl.execchain.MainClientExec -- Proxy auth state: UNCHALLENGED
21:50:56.384 [main] DEBUG org.apache.http.headers -- http-outgoing-6 >> PATCH /dv/ccpconfigurator/654657/WIND/material/2423534.0?cps=true HTTP/1.1
21:50:56.384 [main] DEBUG org.apache.http.headers -- http-outgoing-6 >> Accept: application/json
21:50:56.385 [main] DEBUG org.apache.http.headers -- http-outgoing-6 >> Authorization: Bearer gdfagfagdadge
21:50:56.385 [main] DEBUG org.apache.http.headers -- http-outgoing-6 >> Host: localhost:3000
21:50:56.385 [main] DEBUG org.apache.http.headers -- http-outgoing-6 >> Connection: Keep-Alive
21:50:56.385 [main] DEBUG org.apache.http.headers -- http-outgoing-6 >> User-Agent: Apache-HttpClient/4.5.14 (Java/23.0.2)
21:50:56.385 [main] DEBUG org.apache.http.headers -- http-outgoing-6 >> Accept-Encoding: gzip,deflate
21:50:56.385 [main] DEBUG org.apache.http.wire -- http-outgoing-6 >> "PATCH /dv/ccpconfigurator/654657/WIND/material/2423534.0?cps=true HTTP/1.1[\r][\n]"
21:50:56.385 [main] DEBUG org.apache.http.wire -- http-outgoing-6 >> "Accept: application/json[\r][\n]"
21:50:56.385 [main] DEBUG org.apache.http.wire -- http-outgoing-6 >> "Authorization: Bearer gdfagfagdadge[\r][\n]"
21:50:56.385 [main] DEBUG org.apache.http.wire -- http-outgoing-6 >> "Host: localhost:3000[\r][\n]"
21:50:56.385 [main] DEBUG org.apache.http.wire -- http-outgoing-6 >> "Connection: Keep-Alive[\r][\n]"
21:50:56.385 [main] DEBUG org.apache.http.wire -- http-outgoing-6 >> "User-Agent: Apache-HttpClient/4.5.14 (Java/23.0.2)[\r][\n]"
21:50:56.385 [main] DEBUG org.apache.http.wire -- http-outgoing-6 >> "Accept-Encoding: gzip,deflate[\r][\n]"
21:50:56.385 [main] DEBUG org.apache.http.wire -- http-outgoing-6 >> "[\r][\n]"
21:50:56.388 [main] DEBUG org.apache.http.wire -- http-outgoing-6 << "HTTP/1.1 200 OK[\r][\n]"
21:50:56.388 [main] DEBUG org.apache.http.wire -- http-outgoing-6 << "Content-Type: application/json; charset=utf-8[\r][\n]"
21:50:56.388 [main] DEBUG org.apache.http.wire -- http-outgoing-6 << "Content-Length: 84[\r][\n]"
21:50:56.388 [main] DEBUG org.apache.http.wire -- http-outgoing-6 << "Date: Wed, 27 Aug 2025 14:50:56 GMT[\r][\n]"
21:50:56.388 [main] DEBUG org.apache.http.wire -- http-outgoing-6 << "Connection: keep-alive[\r][\n]"
21:50:56.388 [main] DEBUG org.apache.http.wire -- http-outgoing-6 << "Keep-Alive: timeout=5[\r][\n]"
21:50:56.388 [main] DEBUG org.apache.http.wire -- http-outgoing-6 << "[\r][\n]"
21:50:56.388 [main] DEBUG org.apache.http.wire -- http-outgoing-6 << "{[\n]"
21:50:56.388 [main] DEBUG org.apache.http.wire -- http-outgoing-6 << "  "type":"custom",[\n]"
21:50:56.388 [main] DEBUG org.apache.http.wire -- http-outgoing-6 << "  "data":{[\n]"
21:50:56.388 [main] DEBUG org.apache.http.wire -- http-outgoing-6 << "    "consistent":true,[\n]"
21:50:56.388 [main] DEBUG org.apache.http.wire -- http-outgoing-6 << "    "configId":"654657"[\n]"
21:50:56.388 [main] DEBUG org.apache.http.wire -- http-outgoing-6 << "  }[\n]"
21:50:56.389 [main] DEBUG org.apache.http.wire -- http-outgoing-6 << "}"
21:50:56.389 [main] DEBUG org.apache.http.headers -- http-outgoing-6 << HTTP/1.1 200 OK
21:50:56.389 [main] DEBUG org.apache.http.headers -- http-outgoing-6 << Content-Type: application/json; charset=utf-8
21:50:56.389 [main] DEBUG org.apache.http.headers -- http-outgoing-6 << Content-Length: 84
21:50:56.389 [main] DEBUG org.apache.http.headers -- http-outgoing-6 << Date: Wed, 27 Aug 2025 14:50:56 GMT
21:50:56.389 [main] DEBUG org.apache.http.headers -- http-outgoing-6 << Connection: keep-alive
21:50:56.389 [main] DEBUG org.apache.http.headers -- http-outgoing-6 << Keep-Alive: timeout=5
21:50:56.389 [main] DEBUG org.apache.http.impl.execchain.MainClientExec -- Connection can be kept alive for 5000 MILLISECONDS
21:50:56.389 [main] DEBUG org.apache.http.impl.conn.PoolingHttpClientConnectionManager -- Connection [id: 6][route: {}->http://localhost:3000] can be kept alive for 5.0 seconds
21:50:56.389 [main] DEBUG org.apache.http.impl.conn.DefaultManagedHttpClientConnection -- http-outgoing-6: set socket timeout to 0
21:50:56.389 [main] DEBUG org.apache.http.impl.conn.PoolingHttpClientConnectionManager -- Connection released: [id: 6][route: {}->http://localhost:3000][total available: 1; route allocated: 1 of 5; total allocated: 1 of 10]
21:50:56.389 [main] DEBUG org.apache.http.impl.conn.PoolingHttpClientConnectionManager -- Connection manager is shutting down
21:50:56.389 [main] DEBUG org.apache.http.impl.conn.DefaultManagedHttpClientConnection -- http-outgoing-6: Close connection
21:50:56.389 [main] DEBUG org.apache.http.impl.conn.PoolingHttpClientConnectionManager -- Connection manager shut down
21:50:56.389 [main] DEBUG com.intuit.karate -- response time in milliseconds: 6
1 < 200
1 < Content-Type: application/json; charset=utf-8
1 < Content-Length: 84
1 < Date: Wed, 27 Aug 2025 14:50:56 GMT
1 < Connection: keep-alive
1 < Keep-Alive: timeout=5
{
  "type":"custom",
  "data":{
    "consistent":true,
    "configId":"654657"
  }
}

21:50:56.391 [main] INFO com.intuit.karate -- [print] Response Set Material By Group Name:  654657 groupName WIND :  {
  "type": "custom",
  "data": {
    "consistent": true,
    "configId": "654657"
  }
}
 
21:50:56.391 [main] INFO com.intuit.karate -- {
  "groupName": "WIND",
  "responseHeaders": {
    "Content-Type": [
      "application/json; charset=utf-8"
    ],
    "Content-Length": [
      "84"
    ],
    "Date": [
      "Wed, 27 Aug 2025 14:50:56 GMT"
    ],
    "Connection": [
      "keep-alive"
    ],
    "Keep-Alive": [
      "timeout=5"
    ],
    "Set-Cookie": [
    ]
  },
  "configId": "654657",
  "responseTime": 6,
  "response": {
    "type": "custom",
    "data": {
      "consistent": true,
      "configId": "654657"
    }
  },
  "materialCode": "2423534.0",
  "responseStatus": 200
}
 
21:50:56.393 [main] INFO com.intuit.karate -- Current run i: {
  "response": {
    "type": "custom",
    "data": {
      "consistent": true,
      "configId": "654657"
    }
  },
  "args": {
    "configId": "654657",
    "groupName": "SUNNY",
    "materialCode": "1234.0"
  },
  "testStepName": "Set_Material_By_Group_Name"
}
 
21:50:56.394 [main] INFO com.intuit.karate -- Current run i: {
  "response": {
    "type": "custom",
    "data": {
      "consistent": true,
      "configId": "654657"
    }
  },
  "args": {
    "configId": "654657",
    "groupName": "WIND",
    "materialCode": "2423534.0"
  },
  "testStepName": "Set_Material_By_Group_Name"
}
 
]]></system-out>
  </testcase>
  <testcase name="[1.3:45] Update All Group of Product MOCHI Hallo" classname="update_product" time="0.09">
    <system-out><![CDATA[21:50:56.404 [main] INFO com.intuit.karate -- [print] Hostname: http://localhost:3000 
21:50:56.432 [main] INFO com.intuit.karate.core.FeatureRuntime -- classpath:/separateApi/get_configId_by_productCode.feature - call by tag at line 9: Get_ConfigId_Of_Product_Code
21:50:56.438 [main] DEBUG org.apache.http.client.protocol.RequestAddCookies -- CookieSpec selected: karate
21:50:56.438 [main] DEBUG org.apache.http.client.protocol.RequestAuthCache -- Auth cache not set in the context
21:50:56.439 [main] DEBUG com.intuit.karate -- request:
1 > GET http://localhost:3000/dv/products/MOCHI/configurattors/ccpconfigurator?provideAllAttributes=true&cps=true
1 > Accept: application/json
1 > Authorization: Bearer gdfagfagdadge
1 > Host: localhost:3000
1 > Connection: Keep-Alive
1 > User-Agent: Apache-HttpClient/4.5.14 (Java/23.0.2)
1 > Accept-Encoding: gzip,deflate


21:50:56.439 [main] DEBUG org.apache.http.impl.conn.PoolingHttpClientConnectionManager -- Connection request: [route: {}->http://localhost:3000][total available: 0; route allocated: 0 of 5; total allocated: 0 of 10]
21:50:56.439 [main] DEBUG org.apache.http.impl.conn.PoolingHttpClientConnectionManager -- Connection leased: [id: 7][route: {}->http://localhost:3000][total available: 0; route allocated: 1 of 5; total allocated: 1 of 10]
21:50:56.439 [main] DEBUG org.apache.http.impl.execchain.MainClientExec -- Opening connection {}->http://localhost:3000
21:50:56.439 [main] DEBUG org.apache.http.impl.conn.DefaultHttpClientConnectionOperator -- Connecting to localhost/127.0.0.1:3000
21:50:56.439 [main] DEBUG org.apache.http.impl.conn.DefaultHttpClientConnectionOperator -- Connection established 127.0.0.1:58842<->127.0.0.1:3000
21:50:56.439 [main] DEBUG org.apache.http.impl.conn.DefaultManagedHttpClientConnection -- http-outgoing-7: set socket timeout to 30000
21:50:56.439 [main] DEBUG org.apache.http.impl.execchain.MainClientExec -- Executing request GET /dv/products/MOCHI/configurattors/ccpconfigurator?provideAllAttributes=true&cps=true HTTP/1.1
21:50:56.439 [main] DEBUG org.apache.http.impl.execchain.MainClientExec -- Proxy auth state: UNCHALLENGED
21:50:56.440 [main] DEBUG org.apache.http.headers -- http-outgoing-7 >> GET /dv/products/MOCHI/configurattors/ccpconfigurator?provideAllAttributes=true&cps=true HTTP/1.1
21:50:56.440 [main] DEBUG org.apache.http.headers -- http-outgoing-7 >> Accept: application/json
21:50:56.440 [main] DEBUG org.apache.http.headers -- http-outgoing-7 >> Authorization: Bearer gdfagfagdadge
21:50:56.440 [main] DEBUG org.apache.http.headers -- http-outgoing-7 >> Host: localhost:3000
21:50:56.440 [main] DEBUG org.apache.http.headers -- http-outgoing-7 >> Connection: Keep-Alive
21:50:56.440 [main] DEBUG org.apache.http.headers -- http-outgoing-7 >> User-Agent: Apache-HttpClient/4.5.14 (Java/23.0.2)
21:50:56.440 [main] DEBUG org.apache.http.headers -- http-outgoing-7 >> Accept-Encoding: gzip,deflate
21:50:56.440 [main] DEBUG org.apache.http.wire -- http-outgoing-7 >> "GET /dv/products/MOCHI/configurattors/ccpconfigurator?provideAllAttributes=true&cps=true HTTP/1.1[\r][\n]"
21:50:56.440 [main] DEBUG org.apache.http.wire -- http-outgoing-7 >> "Accept: application/json[\r][\n]"
21:50:56.440 [main] DEBUG org.apache.http.wire -- http-outgoing-7 >> "Authorization: Bearer gdfagfagdadge[\r][\n]"
21:50:56.440 [main] DEBUG org.apache.http.wire -- http-outgoing-7 >> "Host: localhost:3000[\r][\n]"
21:50:56.440 [main] DEBUG org.apache.http.wire -- http-outgoing-7 >> "Connection: Keep-Alive[\r][\n]"
21:50:56.440 [main] DEBUG org.apache.http.wire -- http-outgoing-7 >> "User-Agent: Apache-HttpClient/4.5.14 (Java/23.0.2)[\r][\n]"
21:50:56.440 [main] DEBUG org.apache.http.wire -- http-outgoing-7 >> "Accept-Encoding: gzip,deflate[\r][\n]"
21:50:56.440 [main] DEBUG org.apache.http.wire -- http-outgoing-7 >> "[\r][\n]"
21:50:56.444 [main] DEBUG org.apache.http.wire -- http-outgoing-7 << "HTTP/1.1 200 OK[\r][\n]"
21:50:56.444 [main] DEBUG org.apache.http.wire -- http-outgoing-7 << "Content-Type: application/json; charset=utf-8[\r][\n]"
21:50:56.444 [main] DEBUG org.apache.http.wire -- http-outgoing-7 << "Content-Length: 61[\r][\n]"
21:50:56.444 [main] DEBUG org.apache.http.wire -- http-outgoing-7 << "Date: Wed, 27 Aug 2025 14:50:56 GMT[\r][\n]"
21:50:56.444 [main] DEBUG org.apache.http.wire -- http-outgoing-7 << "Connection: keep-alive[\r][\n]"
21:50:56.444 [main] DEBUG org.apache.http.wire -- http-outgoing-7 << "Keep-Alive: timeout=5[\r][\n]"
21:50:56.444 [main] DEBUG org.apache.http.wire -- http-outgoing-7 << "[\r][\n]"
21:50:56.444 [main] DEBUG org.apache.http.wire -- http-outgoing-7 << "{[\n]"
21:50:56.444 [main] DEBUG org.apache.http.wire -- http-outgoing-7 << "  "type":"custom",[\n]"
21:50:56.444 [main] DEBUG org.apache.http.wire -- http-outgoing-7 << "  "data":{[\n]"
21:50:56.444 [main] DEBUG org.apache.http.wire -- http-outgoing-7 << "    "configId":"654657"[\n]"
21:50:56.444 [main] DEBUG org.apache.http.wire -- http-outgoing-7 << "  }[\n]"
21:50:56.444 [main] DEBUG org.apache.http.wire -- http-outgoing-7 << "}"
21:50:56.444 [main] DEBUG org.apache.http.headers -- http-outgoing-7 << HTTP/1.1 200 OK
21:50:56.444 [main] DEBUG org.apache.http.headers -- http-outgoing-7 << Content-Type: application/json; charset=utf-8
21:50:56.444 [main] DEBUG org.apache.http.headers -- http-outgoing-7 << Content-Length: 61
21:50:56.445 [main] DEBUG org.apache.http.headers -- http-outgoing-7 << Date: Wed, 27 Aug 2025 14:50:56 GMT
21:50:56.445 [main] DEBUG org.apache.http.headers -- http-outgoing-7 << Connection: keep-alive
21:50:56.445 [main] DEBUG org.apache.http.headers -- http-outgoing-7 << Keep-Alive: timeout=5
21:50:56.445 [main] DEBUG org.apache.http.impl.execchain.MainClientExec -- Connection can be kept alive for 5000 MILLISECONDS
21:50:56.445 [main] DEBUG org.apache.http.impl.conn.PoolingHttpClientConnectionManager -- Connection [id: 7][route: {}->http://localhost:3000] can be kept alive for 5.0 seconds
21:50:56.445 [main] DEBUG org.apache.http.impl.conn.DefaultManagedHttpClientConnection -- http-outgoing-7: set socket timeout to 0
21:50:56.445 [main] DEBUG org.apache.http.impl.conn.PoolingHttpClientConnectionManager -- Connection released: [id: 7][route: {}->http://localhost:3000][total available: 1; route allocated: 1 of 5; total allocated: 1 of 10]
21:50:56.445 [main] DEBUG org.apache.http.impl.conn.PoolingHttpClientConnectionManager -- Connection manager is shutting down
21:50:56.445 [main] DEBUG org.apache.http.impl.conn.DefaultManagedHttpClientConnection -- http-outgoing-7: Close connection
21:50:56.445 [main] DEBUG org.apache.http.impl.conn.PoolingHttpClientConnectionManager -- Connection manager shut down
21:50:56.445 [main] DEBUG com.intuit.karate -- response time in milliseconds: 6
1 < 200
1 < Content-Type: application/json; charset=utf-8
1 < Content-Length: 61
1 < Date: Wed, 27 Aug 2025 14:50:56 GMT
1 < Connection: keep-alive
1 < Keep-Alive: timeout=5
{
  "type":"custom",
  "data":{
    "configId":"654657"
  }
}

21:50:56.446 [main] DEBUG com.jayway.jsonpath.internal.path.CompiledPath -- Evaluating path: $['data']['configId']
21:50:56.447 [main] INFO com.intuit.karate -- [print] created configId is:  654657 
21:50:56.447 [main] DEBUG com.jayway.jsonpath.internal.path.CompiledPath -- Evaluating path: $
21:50:56.448 [main] DEBUG com.jayway.jsonpath.internal.path.CompiledPath -- Evaluating path: $
21:50:56.449 [main] INFO com.intuit.karate -- Current group: {
  "groupName": "PAPA",
  "materialCode": "1234.0"
}
 
21:50:56.449 [main] INFO com.intuit.karate -- Current vars: {
  "configId": "654657",
  "groupName": "PAPA",
  "materialCode": "1234.0"
}
 
21:50:56.451 [main] INFO com.intuit.karate.core.FeatureRuntime -- classpath:separateApi/set_material_by_group_name.feature - call by tag at line 9: Set_Material_By_Group_Name
21:50:56.455 [main] DEBUG com.jayway.jsonpath.internal.path.CompiledPath -- Evaluating path: $
21:50:56.456 [main] DEBUG org.apache.http.client.protocol.RequestAddCookies -- CookieSpec selected: karate
21:50:56.457 [main] DEBUG org.apache.http.client.protocol.RequestAuthCache -- Auth cache not set in the context
21:50:56.457 [main] DEBUG com.intuit.karate -- request:
1 > PATCH http://localhost:3000/dv/ccpconfigurator/654657/PAPA/material/1234.0?cps=true
1 > Accept: application/json
1 > Authorization: Bearer gdfagfagdadge
1 > Host: localhost:3000
1 > Connection: Keep-Alive
1 > User-Agent: Apache-HttpClient/4.5.14 (Java/23.0.2)
1 > Accept-Encoding: gzip,deflate


21:50:56.457 [main] DEBUG org.apache.http.impl.conn.PoolingHttpClientConnectionManager -- Connection request: [route: {}->http://localhost:3000][total available: 0; route allocated: 0 of 5; total allocated: 0 of 10]
21:50:56.457 [main] DEBUG org.apache.http.impl.conn.PoolingHttpClientConnectionManager -- Connection leased: [id: 8][route: {}->http://localhost:3000][total available: 0; route allocated: 1 of 5; total allocated: 1 of 10]
21:50:56.457 [main] DEBUG org.apache.http.impl.execchain.MainClientExec -- Opening connection {}->http://localhost:3000
21:50:56.457 [main] DEBUG org.apache.http.impl.conn.DefaultHttpClientConnectionOperator -- Connecting to localhost/127.0.0.1:3000
21:50:56.458 [main] DEBUG org.apache.http.impl.conn.DefaultHttpClientConnectionOperator -- Connection established 127.0.0.1:58843<->127.0.0.1:3000
21:50:56.458 [main] DEBUG org.apache.http.impl.conn.DefaultManagedHttpClientConnection -- http-outgoing-8: set socket timeout to 30000
21:50:56.458 [main] DEBUG org.apache.http.impl.execchain.MainClientExec -- Executing request PATCH /dv/ccpconfigurator/654657/PAPA/material/1234.0?cps=true HTTP/1.1
21:50:56.458 [main] DEBUG org.apache.http.impl.execchain.MainClientExec -- Proxy auth state: UNCHALLENGED
21:50:56.458 [main] DEBUG org.apache.http.headers -- http-outgoing-8 >> PATCH /dv/ccpconfigurator/654657/PAPA/material/1234.0?cps=true HTTP/1.1
21:50:56.458 [main] DEBUG org.apache.http.headers -- http-outgoing-8 >> Accept: application/json
21:50:56.458 [main] DEBUG org.apache.http.headers -- http-outgoing-8 >> Authorization: Bearer gdfagfagdadge
21:50:56.458 [main] DEBUG org.apache.http.headers -- http-outgoing-8 >> Host: localhost:3000
21:50:56.458 [main] DEBUG org.apache.http.headers -- http-outgoing-8 >> Connection: Keep-Alive
21:50:56.458 [main] DEBUG org.apache.http.headers -- http-outgoing-8 >> User-Agent: Apache-HttpClient/4.5.14 (Java/23.0.2)
21:50:56.458 [main] DEBUG org.apache.http.headers -- http-outgoing-8 >> Accept-Encoding: gzip,deflate
21:50:56.458 [main] DEBUG org.apache.http.wire -- http-outgoing-8 >> "PATCH /dv/ccpconfigurator/654657/PAPA/material/1234.0?cps=true HTTP/1.1[\r][\n]"
21:50:56.458 [main] DEBUG org.apache.http.wire -- http-outgoing-8 >> "Accept: application/json[\r][\n]"
21:50:56.458 [main] DEBUG org.apache.http.wire -- http-outgoing-8 >> "Authorization: Bearer gdfagfagdadge[\r][\n]"
21:50:56.458 [main] DEBUG org.apache.http.wire -- http-outgoing-8 >> "Host: localhost:3000[\r][\n]"
21:50:56.458 [main] DEBUG org.apache.http.wire -- http-outgoing-8 >> "Connection: Keep-Alive[\r][\n]"
21:50:56.458 [main] DEBUG org.apache.http.wire -- http-outgoing-8 >> "User-Agent: Apache-HttpClient/4.5.14 (Java/23.0.2)[\r][\n]"
21:50:56.458 [main] DEBUG org.apache.http.wire -- http-outgoing-8 >> "Accept-Encoding: gzip,deflate[\r][\n]"
21:50:56.458 [main] DEBUG org.apache.http.wire -- http-outgoing-8 >> "[\r][\n]"
21:50:56.462 [main] DEBUG org.apache.http.wire -- http-outgoing-8 << "HTTP/1.1 200 OK[\r][\n]"
21:50:56.462 [main] DEBUG org.apache.http.wire -- http-outgoing-8 << "Content-Type: application/json; charset=utf-8[\r][\n]"
21:50:56.462 [main] DEBUG org.apache.http.wire -- http-outgoing-8 << "Content-Length: 84[\r][\n]"
21:50:56.462 [main] DEBUG org.apache.http.wire -- http-outgoing-8 << "Date: Wed, 27 Aug 2025 14:50:56 GMT[\r][\n]"
21:50:56.462 [main] DEBUG org.apache.http.wire -- http-outgoing-8 << "Connection: keep-alive[\r][\n]"
21:50:56.462 [main] DEBUG org.apache.http.wire -- http-outgoing-8 << "Keep-Alive: timeout=5[\r][\n]"
21:50:56.462 [main] DEBUG org.apache.http.wire -- http-outgoing-8 << "[\r][\n]"
21:50:56.462 [main] DEBUG org.apache.http.wire -- http-outgoing-8 << "{[\n]"
21:50:56.462 [main] DEBUG org.apache.http.wire -- http-outgoing-8 << "  "type":"custom",[\n]"
21:50:56.462 [main] DEBUG org.apache.http.wire -- http-outgoing-8 << "  "data":{[\n]"
21:50:56.462 [main] DEBUG org.apache.http.wire -- http-outgoing-8 << "    "consistent":true,[\n]"
21:50:56.462 [main] DEBUG org.apache.http.wire -- http-outgoing-8 << "    "configId":"654657"[\n]"
21:50:56.462 [main] DEBUG org.apache.http.wire -- http-outgoing-8 << "  }[\n]"
21:50:56.462 [main] DEBUG org.apache.http.wire -- http-outgoing-8 << "}"
21:50:56.463 [main] DEBUG org.apache.http.headers -- http-outgoing-8 << HTTP/1.1 200 OK
21:50:56.463 [main] DEBUG org.apache.http.headers -- http-outgoing-8 << Content-Type: application/json; charset=utf-8
21:50:56.463 [main] DEBUG org.apache.http.headers -- http-outgoing-8 << Content-Length: 84
21:50:56.463 [main] DEBUG org.apache.http.headers -- http-outgoing-8 << Date: Wed, 27 Aug 2025 14:50:56 GMT
21:50:56.463 [main] DEBUG org.apache.http.headers -- http-outgoing-8 << Connection: keep-alive
21:50:56.463 [main] DEBUG org.apache.http.headers -- http-outgoing-8 << Keep-Alive: timeout=5
21:50:56.463 [main] DEBUG org.apache.http.impl.execchain.MainClientExec -- Connection can be kept alive for 5000 MILLISECONDS
21:50:56.463 [main] DEBUG org.apache.http.impl.conn.PoolingHttpClientConnectionManager -- Connection [id: 8][route: {}->http://localhost:3000] can be kept alive for 5.0 seconds
21:50:56.463 [main] DEBUG org.apache.http.impl.conn.DefaultManagedHttpClientConnection -- http-outgoing-8: set socket timeout to 0
21:50:56.463 [main] DEBUG org.apache.http.impl.conn.PoolingHttpClientConnectionManager -- Connection released: [id: 8][route: {}->http://localhost:3000][total available: 1; route allocated: 1 of 5; total allocated: 1 of 10]
21:50:56.463 [main] DEBUG org.apache.http.impl.conn.PoolingHttpClientConnectionManager -- Connection manager is shutting down
21:50:56.463 [main] DEBUG org.apache.http.impl.conn.DefaultManagedHttpClientConnection -- http-outgoing-8: Close connection
21:50:56.463 [main] DEBUG org.apache.http.impl.conn.PoolingHttpClientConnectionManager -- Connection manager shut down
21:50:56.463 [main] DEBUG com.intuit.karate -- response time in milliseconds: 6
1 < 200
1 < Content-Type: application/json; charset=utf-8
1 < Content-Length: 84
1 < Date: Wed, 27 Aug 2025 14:50:56 GMT
1 < Connection: keep-alive
1 < Keep-Alive: timeout=5
{
  "type":"custom",
  "data":{
    "consistent":true,
    "configId":"654657"
  }
}

21:50:56.465 [main] INFO com.intuit.karate -- [print] Response Set Material By Group Name:  654657 groupName PAPA :  {
  "type": "custom",
  "data": {
    "consistent": true,
    "configId": "654657"
  }
}
 
21:50:56.466 [main] INFO com.intuit.karate -- {
  "groupName": "PAPA",
  "responseHeaders": {
    "Content-Type": [
      "application/json; charset=utf-8"
    ],
    "Content-Length": [
      "84"
    ],
    "Date": [
      "Wed, 27 Aug 2025 14:50:56 GMT"
    ],
    "Connection": [
      "keep-alive"
    ],
    "Keep-Alive": [
      "timeout=5"
    ],
    "Set-Cookie": [
    ]
  },
  "configId": "654657",
  "responseTime": 6,
  "response": {
    "type": "custom",
    "data": {
      "consistent": true,
      "configId": "654657"
    }
  },
  "materialCode": "1234.0",
  "responseStatus": 200
}
 
21:50:56.467 [main] INFO com.intuit.karate -- Current group: {
  "groupName": "MAMA",
  "materialCode": "2423534.0"
}
 
21:50:56.467 [main] INFO com.intuit.karate -- Current vars: {
  "configId": "654657",
  "groupName": "MAMA",
  "materialCode": "2423534.0"
}
 
21:50:56.468 [main] INFO com.intuit.karate.core.FeatureRuntime -- classpath:separateApi/set_material_by_group_name.feature - call by tag at line 9: Set_Material_By_Group_Name
21:50:56.472 [main] DEBUG com.jayway.jsonpath.internal.path.CompiledPath -- Evaluating path: $
21:50:56.473 [main] DEBUG org.apache.http.client.protocol.RequestAddCookies -- CookieSpec selected: karate
21:50:56.473 [main] DEBUG org.apache.http.client.protocol.RequestAuthCache -- Auth cache not set in the context
21:50:56.473 [main] DEBUG com.intuit.karate -- request:
1 > PATCH http://localhost:3000/dv/ccpconfigurator/654657/MAMA/material/2423534.0?cps=true
1 > Accept: application/json
1 > Authorization: Bearer gdfagfagdadge
1 > Host: localhost:3000
1 > Connection: Keep-Alive
1 > User-Agent: Apache-HttpClient/4.5.14 (Java/23.0.2)
1 > Accept-Encoding: gzip,deflate


21:50:56.474 [main] DEBUG org.apache.http.impl.conn.PoolingHttpClientConnectionManager -- Connection request: [route: {}->http://localhost:3000][total available: 0; route allocated: 0 of 5; total allocated: 0 of 10]
21:50:56.474 [main] DEBUG org.apache.http.impl.conn.PoolingHttpClientConnectionManager -- Connection leased: [id: 9][route: {}->http://localhost:3000][total available: 0; route allocated: 1 of 5; total allocated: 1 of 10]
21:50:56.474 [main] DEBUG org.apache.http.impl.execchain.MainClientExec -- Opening connection {}->http://localhost:3000
21:50:56.474 [main] DEBUG org.apache.http.impl.conn.DefaultHttpClientConnectionOperator -- Connecting to localhost/127.0.0.1:3000
21:50:56.474 [main] DEBUG org.apache.http.impl.conn.DefaultHttpClientConnectionOperator -- Connection established 127.0.0.1:58844<->127.0.0.1:3000
21:50:56.474 [main] DEBUG org.apache.http.impl.conn.DefaultManagedHttpClientConnection -- http-outgoing-9: set socket timeout to 30000
21:50:56.474 [main] DEBUG org.apache.http.impl.execchain.MainClientExec -- Executing request PATCH /dv/ccpconfigurator/654657/MAMA/material/2423534.0?cps=true HTTP/1.1
21:50:56.474 [main] DEBUG org.apache.http.impl.execchain.MainClientExec -- Proxy auth state: UNCHALLENGED
21:50:56.474 [main] DEBUG org.apache.http.headers -- http-outgoing-9 >> PATCH /dv/ccpconfigurator/654657/MAMA/material/2423534.0?cps=true HTTP/1.1
21:50:56.474 [main] DEBUG org.apache.http.headers -- http-outgoing-9 >> Accept: application/json
21:50:56.474 [main] DEBUG org.apache.http.headers -- http-outgoing-9 >> Authorization: Bearer gdfagfagdadge
21:50:56.474 [main] DEBUG org.apache.http.headers -- http-outgoing-9 >> Host: localhost:3000
21:50:56.474 [main] DEBUG org.apache.http.headers -- http-outgoing-9 >> Connection: Keep-Alive
21:50:56.474 [main] DEBUG org.apache.http.headers -- http-outgoing-9 >> User-Agent: Apache-HttpClient/4.5.14 (Java/23.0.2)
21:50:56.474 [main] DEBUG org.apache.http.headers -- http-outgoing-9 >> Accept-Encoding: gzip,deflate
21:50:56.474 [main] DEBUG org.apache.http.wire -- http-outgoing-9 >> "PATCH /dv/ccpconfigurator/654657/MAMA/material/2423534.0?cps=true HTTP/1.1[\r][\n]"
21:50:56.474 [main] DEBUG org.apache.http.wire -- http-outgoing-9 >> "Accept: application/json[\r][\n]"
21:50:56.474 [main] DEBUG org.apache.http.wire -- http-outgoing-9 >> "Authorization: Bearer gdfagfagdadge[\r][\n]"
21:50:56.474 [main] DEBUG org.apache.http.wire -- http-outgoing-9 >> "Host: localhost:3000[\r][\n]"
21:50:56.475 [main] DEBUG org.apache.http.wire -- http-outgoing-9 >> "Connection: Keep-Alive[\r][\n]"
21:50:56.475 [main] DEBUG org.apache.http.wire -- http-outgoing-9 >> "User-Agent: Apache-HttpClient/4.5.14 (Java/23.0.2)[\r][\n]"
21:50:56.475 [main] DEBUG org.apache.http.wire -- http-outgoing-9 >> "Accept-Encoding: gzip,deflate[\r][\n]"
21:50:56.475 [main] DEBUG org.apache.http.wire -- http-outgoing-9 >> "[\r][\n]"
21:50:56.478 [main] DEBUG org.apache.http.wire -- http-outgoing-9 << "HTTP/1.1 200 OK[\r][\n]"
21:50:56.479 [main] DEBUG org.apache.http.wire -- http-outgoing-9 << "Content-Type: application/json; charset=utf-8[\r][\n]"
21:50:56.479 [main] DEBUG org.apache.http.wire -- http-outgoing-9 << "Content-Length: 84[\r][\n]"
21:50:56.479 [main] DEBUG org.apache.http.wire -- http-outgoing-9 << "Date: Wed, 27 Aug 2025 14:50:56 GMT[\r][\n]"
21:50:56.479 [main] DEBUG org.apache.http.wire -- http-outgoing-9 << "Connection: keep-alive[\r][\n]"
21:50:56.479 [main] DEBUG org.apache.http.wire -- http-outgoing-9 << "Keep-Alive: timeout=5[\r][\n]"
21:50:56.479 [main] DEBUG org.apache.http.wire -- http-outgoing-9 << "[\r][\n]"
21:50:56.479 [main] DEBUG org.apache.http.wire -- http-outgoing-9 << "{[\n]"
[...]
[THYMELEAF]             * [* {th:rel,data-th-rel}] [1000]: org.thymeleaf.standard.processor.StandardRemovableAttributeTagProcessor
[THYMELEAF]             * [* {th:formaction,data-th-formaction}] [1000]: org.thymeleaf.standard.processor.StandardRemovableAttributeTagProcessor
[THYMELEAF]             * [* {th:accept-charset,data-th-accept-charset}] [1000]: org.thymeleaf.standard.processor.StandardRemovableAttributeTagProcessor
[THYMELEAF]             * [* {th:classid,data-th-classid}] [1000]: org.thymeleaf.standard.processor.StandardRemovableAttributeTagProcessor
[THYMELEAF]             * [* {th:icon,data-th-icon}] [1000]: org.thymeleaf.standard.processor.StandardRemovableAttributeTagProcessor
[THYMELEAF]             * [* {th:sizes,data-th-sizes}] [1000]: org.thymeleaf.standard.processor.StandardRemovableAttributeTagProcessor
[THYMELEAF]             * [* {th:usemap,data-th-usemap}] [1000]: org.thymeleaf.standard.processor.StandardRemovableAttributeTagProcessor
[THYMELEAF]             * [* {th:maxlength,data-th-maxlength}] [1000]: org.thymeleaf.standard.processor.StandardRemovableAttributeTagProcessor
[THYMELEAF]             * [* {th:charset,data-th-charset}] [1000]: org.thymeleaf.standard.processor.StandardRemovableAttributeTagProcessor
[THYMELEAF]             * [* {th:challenge,data-th-challenge}] [1000]: org.thymeleaf.standard.processor.StandardRemovableAttributeTagProcessor
[THYMELEAF]             * [* {th:lang,data-th-lang}] [1000]: org.thymeleaf.standard.processor.StandardRemovableAttributeTagProcessor
[THYMELEAF]             * [* {th:audio,data-th-audio}] [1000]: org.thymeleaf.standard.processor.StandardRemovableAttributeTagProcessor
[THYMELEAF]             * [* {th:pattern,data-th-pattern}] [1000]: org.thymeleaf.standard.processor.StandardRemovableAttributeTagProcessor
[THYMELEAF]             * [* {th:border,data-th-border}] [1000]: org.thymeleaf.standard.processor.StandardRemovableAttributeTagProcessor
[THYMELEAF]             * [* {th:codetype,data-th-codetype}] [1000]: org.thymeleaf.standard.processor.StandardRemovableAttributeTagProcessor
[THYMELEAF]             * [* {th:sandbox,data-th-sandbox}] [1000]: org.thymeleaf.standard.processor.StandardRemovableAttributeTagProcessor
[THYMELEAF]             * [* {th:max,data-th-max}] [1000]: org.thymeleaf.standard.processor.StandardRemovableAttributeTagProcessor
[THYMELEAF]             * [* {th:keytype,data-th-keytype}] [1000]: org.thymeleaf.standard.processor.StandardRemovableAttributeTagProcessor
[THYMELEAF]             * [* {th:preload,data-th-preload}] [1000]: org.thymeleaf.standard.processor.StandardRemovableAttributeTagProcessor
[THYMELEAF]             * [* {th:list,data-th-list}] [1000]: org.thymeleaf.standard.processor.StandardRemovableAttributeTagProcessor
[THYMELEAF]             * [* {th:height,data-th-height}] [1000]: org.thymeleaf.standard.processor.StandardRemovableAttributeTagProcessor
[THYMELEAF]             * [* {th:alt,data-th-alt}] [1000]: org.thymeleaf.standard.processor.StandardRemovableAttributeTagProcessor
[THYMELEAF]             * [* {th:poster,data-th-poster}] [1000]: org.thymeleaf.standard.processor.StandardRemovableAttributeTagProcessor
[THYMELEAF]             * [* {th:rules,data-th-rules}] [1000]: org.thymeleaf.standard.processor.StandardRemovableAttributeTagProcessor
[THYMELEAF]             * [* {th:rowspan,data-th-rowspan}] [1000]: org.thymeleaf.standard.processor.StandardRemovableAttributeTagProcessor
[THYMELEAF]             * [* {th:class,data-th-class}] [1000]: org.thymeleaf.standard.processor.StandardRemovableAttributeTagProcessor
[THYMELEAF]             * [* {th:rows,data-th-rows}] [1000]: org.thymeleaf.standard.processor.StandardRemovableAttributeTagProcessor
[THYMELEAF]             * [* {th:frameborder,data-th-frameborder}] [1000]: org.thymeleaf.standard.processor.StandardRemovableAttributeTagProcessor
[THYMELEAF]             * [* {th:data,data-th-data}] [1000]: org.thymeleaf.standard.processor.StandardRemovableAttributeTagProcessor
[THYMELEAF]             * [* {th:enctype,data-th-enctype}] [1000]: org.thymeleaf.standard.processor.StandardRemovableAttributeTagProcessor
[THYMELEAF]             * [* {th:longdesc,data-th-longdesc}] [1000]: org.thymeleaf.standard.processor.StandardRemovableAttributeTagProcessor
[THYMELEAF]             * [* {th:valuetype,data-th-valuetype}] [1000]: org.thymeleaf.standard.processor.StandardRemovableAttributeTagProcessor
[THYMELEAF]             * [* {th:hspace,data-th-hspace}] [1000]: org.thymeleaf.standard.processor.StandardRemovableAttributeTagProcessor
[THYMELEAF]             * [* {th:dropzone,data-th-dropzone}] [1000]: org.thymeleaf.standard.processor.StandardRemovableAttributeTagProcessor
[THYMELEAF]             * [* {th:step,data-th-step}] [1000]: org.thymeleaf.standard.processor.StandardRemovableAttributeTagProcessor
[THYMELEAF]             * [* {th:contenteditable,data-th-contenteditable}] [1000]: org.thymeleaf.standard.processor.StandardRemovableAttributeTagProcessor
[THYMELEAF]             * [* {th:dir,data-th-dir}] [1000]: org.thymeleaf.standard.processor.StandardRemovableAttributeTagProcessor
[THYMELEAF]             * [* {th:bgcolor,data-th-bgcolor}] [1000]: org.thymeleaf.standard.processor.StandardRemovableAttributeTagProcessor
[THYMELEAF]             * [* {th:background,data-th-background}] [1000]: org.thymeleaf.standard.processor.StandardRemovableAttributeTagProcessor
[THYMELEAF]             * [* {th:src,data-th-src}] [1000]: org.thymeleaf.standard.processor.StandardSrcTagProcessor
[THYMELEAF]             * [* {th:value,data-th-value}] [1000]: org.thymeleaf.standard.processor.StandardValueTagProcessor
[THYMELEAF]             * [* {th:xmlbase,data-th-xmlbase}] [1000]: org.thymeleaf.standard.processor.StandardXmlBaseTagProcessor
[THYMELEAF]             * [* {th:xmllang,data-th-xmllang}] [1000]: org.thymeleaf.standard.processor.StandardXmlLangTagProcessor
[THYMELEAF]             * [* {xmlns:th}] [1000]: org.thymeleaf.standard.processor.StandardXmlNsTagProcessor
[THYMELEAF]             * [* {th:xmlspace,data-th-xmlspace}] [1000]: org.thymeleaf.standard.processor.StandardXmlSpaceTagProcessor
[THYMELEAF]             * [* {th:classappend,data-th-classappend}] [1100]: org.thymeleaf.standard.processor.StandardClassappendTagProcessor
[THYMELEAF]             * [* {th:styleappend,data-th-styleappend}] [1100]: org.thymeleaf.standard.processor.StandardStyleappendTagProcessor
[THYMELEAF]             * [* {th:text,data-th-text}] [1300]: org.thymeleaf.standard.processor.StandardTextTagProcessor
[THYMELEAF]             * [* {th:utext,data-th-utext}] [1400]: org.thymeleaf.standard.processor.StandardUtextTagProcessor
[THYMELEAF]             * [* {th:fragment,data-th-fragment}] [1500]: org.thymeleaf.standard.processor.StandardFragmentTagProcessor
[THYMELEAF]             * [* {th:assert,data-th-assert}] [1550]: org.thymeleaf.standard.processor.StandardAssertTagProcessor
[THYMELEAF]             * [* {th:remove,data-th-remove}] [1600]: org.thymeleaf.standard.processor.StandardRemoveTagProcessor
[THYMELEAF]             * [* {th:ref,data-th-ref}] [10000]: org.thymeleaf.standard.processor.StandardRefAttributeTagProcessor
[THYMELEAF]             * [{th:block,th-block} *] [100000]: org.thymeleaf.standard.processor.StandardBlockTagProcessor
[THYMELEAF]             * [* th:*] [2147483647]: org.thymeleaf.standard.processor.StandardDefaultAttributesTagProcessor
[THYMELEAF]         * Text Processors by [precedence]:
[THYMELEAF]             * [1000]: org.thymeleaf.standard.processor.StandardInliningTextProcessor
[THYMELEAF]         * DOCTYPE Processors by [precedence]:
[THYMELEAF]             * [1000]: org.thymeleaf.standard.processor.StandardTranslationDocTypeProcessor
[THYMELEAF]         * CDATA Section Processors by [precedence]:
[THYMELEAF]             * [1000]: org.thymeleaf.standard.processor.StandardInliningCDATASectionProcessor
[THYMELEAF]         * Comment Processors by [precedence]:
[THYMELEAF]             * [1000]: org.thymeleaf.standard.processor.StandardInliningCommentProcessor
[THYMELEAF]             * [1100]: org.thymeleaf.standard.processor.StandardConditionalCommentProcessor
[THYMELEAF]     * Processors for Template Mode: XML
[THYMELEAF]         * Element Tag Processors by [matching element and attribute name] [precedence]:
[THYMELEAF]             * [* {th:include}] [100]: org.thymeleaf.standard.processor.StandardIncludeTagProcessor
[THYMELEAF]             * [* {th:insert}] [100]: org.thymeleaf.standard.processor.StandardInsertTagProcessor
[THYMELEAF]             * [* {th:replace}] [100]: org.thymeleaf.standard.processor.StandardReplaceTagProcessor
[THYMELEAF]             * [* {th:each}] [200]: com.intuit.karate.template.KarateEachTagProcessor
[THYMELEAF]             * [* {th:switch}] [250]: org.thymeleaf.standard.processor.StandardSwitchTagProcessor
[THYMELEAF]             * [* {th:case}] [275]: org.thymeleaf.standard.processor.StandardCaseTagProcessor
[THYMELEAF]             * [* {th:if}] [300]: org.thymeleaf.standard.processor.StandardIfTagProcessor
[THYMELEAF]             * [* {th:unless}] [400]: org.thymeleaf.standard.processor.StandardUnlessTagProcessor
[THYMELEAF]             * [* {th:object}] [500]: org.thymeleaf.standard.processor.StandardObjectTagProcessor
[THYMELEAF]             * [* {th:with}] [600]: com.intuit.karate.template.KarateWithTagProcessor
[THYMELEAF]             * [* {th:attr}] [700]: com.intuit.karate.template.KarateAttributeTagProcessor.KarateAttrTagProcessor
[THYMELEAF]             * [* {th:attrappend}] [900]: com.intuit.karate.template.KarateAttributeTagProcessor.KarateAttrappendTagProcessor
[THYMELEAF]             * [* {th:attrprepend}] [900]: com.intuit.karate.template.KarateAttributeTagProcessor.KarateAttrprependTagProcessor
[THYMELEAF]             * [* {th:inline}] [1000]: org.thymeleaf.standard.processor.StandardInlineXMLTagProcessor
[THYMELEAF]             * [* {xmlns:th}] [1000]: org.thymeleaf.standard.processor.StandardXmlNsTagProcessor
[THYMELEAF]             * [* {th:text}] [1300]: org.thymeleaf.standard.processor.StandardTextTagProcessor
[THYMELEAF]             * [* {th:utext}] [1400]: org.thymeleaf.standard.processor.StandardUtextTagProcessor
[THYMELEAF]             * [* {th:fragment}] [1500]: org.thymeleaf.standard.processor.StandardFragmentTagProcessor
[THYMELEAF]             * [* {th:assert}] [1550]: org.thymeleaf.standard.processor.StandardAssertTagProcessor
[THYMELEAF]             * [* {th:remove}] [1600]: org.thymeleaf.standard.processor.StandardRemoveTagProcessor
[THYMELEAF]             * [* {th:ref}] [10000]: org.thymeleaf.standard.processor.StandardRefAttributeTagProcessor
[THYMELEAF]             * [{th:block} *] [100000]: org.thymeleaf.standard.processor.StandardBlockTagProcessor
[THYMELEAF]             * [* th:*] [2147483647]: org.thymeleaf.standard.processor.StandardDefaultAttributesTagProcessor
[THYMELEAF]         * Text Processors by [precedence]:
[THYMELEAF]             * [1000]: org.thymeleaf.standard.processor.StandardInliningTextProcessor
[THYMELEAF]         * CDATA Section Processors by [precedence]:
[THYMELEAF]             * [1000]: org.thymeleaf.standard.processor.StandardInliningCDATASectionProcessor
[THYMELEAF]         * Comment Processors by [precedence]:
[THYMELEAF]             * [1000]: org.thymeleaf.standard.processor.StandardInliningCommentProcessor
[THYMELEAF]     * Processors for Template Mode: TEXT
[THYMELEAF]         * Element Tag Processors by [matching element and attribute name] [precedence]:
[THYMELEAF]             * [* {th:insert}] [100]: org.thymeleaf.standard.processor.StandardInsertTagProcessor
[THYMELEAF]             * [* {th:replace}] [100]: org.thymeleaf.standard.processor.StandardReplaceTagProcessor
[THYMELEAF]             * [* {th:each}] [200]: com.intuit.karate.template.KarateEachTagProcessor
[THYMELEAF]             * [* {th:switch}] [250]: org.thymeleaf.standard.processor.StandardSwitchTagProcessor
[THYMELEAF]             * [* {th:case}] [275]: org.thymeleaf.standard.processor.StandardCaseTagProcessor
[THYMELEAF]             * [* {th:if}] [300]: org.thymeleaf.standard.processor.StandardIfTagProcessor
[THYMELEAF]             * [* {th:unless}] [400]: org.thymeleaf.standard.processor.StandardUnlessTagProcessor
[THYMELEAF]             * [* {th:object}] [500]: org.thymeleaf.standard.processor.StandardObjectTagProcessor
[THYMELEAF]             * [* {th:with}] [600]: com.intuit.karate.template.KarateWithTagProcessor
[THYMELEAF]             * [* {th:inline}] [1000]: org.thymeleaf.standard.processor.StandardInlineTextualTagProcessor
[THYMELEAF]             * [* {th:text}] [1300]: org.thymeleaf.standard.processor.StandardTextTagProcessor
[THYMELEAF]             * [* {th:utext}] [1400]: org.thymeleaf.standard.processor.StandardUtextTagProcessor
[THYMELEAF]             * [* {th:assert}] [1550]: org.thymeleaf.standard.processor.StandardAssertTagProcessor
[THYMELEAF]             * [* {th:remove}] [1600]: org.thymeleaf.standard.processor.StandardRemoveTagProcessor
[THYMELEAF]             * [{th:block} *] [100000]: org.thymeleaf.standard.processor.StandardBlockTagProcessor
[THYMELEAF]             * [* 100000] [org.thymeleaf.standard.processor.StandardBlockTagProcessor]: {}
[THYMELEAF]         * Text Processors by [precedence]:
[THYMELEAF]             * [1000]: org.thymeleaf.standard.processor.StandardInliningTextProcessor
[THYMELEAF]     * Processors for Template Mode: JAVASCRIPT
[THYMELEAF]         * Element Tag Processors by [matching element and attribute name] [precedence]:
[THYMELEAF]             * [* {th:insert}] [100]: org.thymeleaf.standard.processor.StandardInsertTagProcessor
[THYMELEAF]             * [* {th:replace}] [100]: org.thymeleaf.standard.processor.StandardReplaceTagProcessor
[THYMELEAF]             * [* {th:each}] [200]: com.intuit.karate.template.KarateEachTagProcessor
[THYMELEAF]             * [* {th:switch}] [250]: org.thymeleaf.standard.processor.StandardSwitchTagProcessor
[THYMELEAF]             * [* {th:case}] [275]: org.thymeleaf.standard.processor.StandardCaseTagProcessor
[THYMELEAF]             * [* {th:if}] [300]: org.thymeleaf.standard.processor.StandardIfTagProcessor
[THYMELEAF]             * [* {th:unless}] [400]: org.thymeleaf.standard.processor.StandardUnlessTagProcessor
[THYMELEAF]             * [* {th:object}] [500]: org.thymeleaf.standard.processor.StandardObjectTagProcessor
[THYMELEAF]             * [* {th:with}] [600]: com.intuit.karate.template.KarateWithTagProcessor
[THYMELEAF]             * [* {th:inline}] [1000]: org.thymeleaf.standard.processor.StandardInlineTextualTagProcessor
[THYMELEAF]             * [* {th:text}] [1300]: org.thymeleaf.standard.processor.StandardTextTagProcessor
[THYMELEAF]             * [* {th:utext}] [1400]: org.thymeleaf.standard.processor.StandardUtextTagProcessor
[THYMELEAF]             * [* {th:assert}] [1550]: org.thymeleaf.standard.processor.StandardAssertTagProcessor
[THYMELEAF]             * [* {th:remove}] [1600]: org.thymeleaf.standard.processor.StandardRemoveTagProcessor
[THYMELEAF]             * [{th:block} *] [100000]: org.thymeleaf.standard.processor.StandardBlockTagProcessor
[THYMELEAF]             * [* 100000] [org.thymeleaf.standard.processor.StandardBlockTagProcessor]: {}
[THYMELEAF]         * Text Processors by [precedence]:
[THYMELEAF]             * [1000]: org.thymeleaf.standard.processor.StandardInliningTextProcessor
[THYMELEAF]     * Processors for Template Mode: CSS
[THYMELEAF]         * Element Tag Processors by [matching element and attribute name] [precedence]:
[THYMELEAF]             * [* {th:insert}] [100]: org.thymeleaf.standard.processor.StandardInsertTagProcessor
[THYMELEAF]             * [* {th:replace}] [100]: org.thymeleaf.standard.processor.StandardReplaceTagProcessor
[THYMELEAF]             * [* {th:each}] [200]: com.intuit.karate.template.KarateEachTagProcessor
[THYMELEAF]             * [* {th:switch}] [250]: org.thymeleaf.standard.processor.StandardSwitchTagProcessor
[THYMELEAF]             * [* {th:case}] [275]: org.thymeleaf.standard.processor.StandardCaseTagProcessor
[THYMELEAF]             * [* {th:if}] [300]: org.thymeleaf.standard.processor.StandardIfTagProcessor
[THYMELEAF]             * [* {th:unless}] [400]: org.thymeleaf.standard.processor.StandardUnlessTagProcessor
[THYMELEAF]             * [* {th:object}] [500]: org.thymeleaf.standard.processor.StandardObjectTagProcessor
[THYMELEAF]             * [* {th:with}] [600]: com.intuit.karate.template.KarateWithTagProcessor
[THYMELEAF]             * [* {th:inline}] [1000]: org.thymeleaf.standard.processor.StandardInlineTextualTagProcessor
[THYMELEAF]             * [* {th:text}] [1300]: org.thymeleaf.standard.processor.StandardTextTagProcessor
[THYMELEAF]             * [* {th:utext}] [1400]: org.thymeleaf.standard.processor.StandardUtextTagProcessor
[THYMELEAF]             * [* {th:assert}] [1550]: org.thymeleaf.standard.processor.StandardAssertTagProcessor
[THYMELEAF]             * [* {th:remove}] [1600]: org.thymeleaf.standard.processor.StandardRemoveTagProcessor
[THYMELEAF]             * [{th:block} *] [100000]: org.thymeleaf.standard.processor.StandardBlockTagProcessor
[THYMELEAF]             * [* 100000] [org.thymeleaf.standard.processor.StandardBlockTagProcessor]: {}
[THYMELEAF]         * Text Processors by [precedence]:
[THYMELEAF]             * [1000]: org.thymeleaf.standard.processor.StandardInliningTextProcessor
[THYMELEAF]     * Expression Objects:
[THYMELEAF]         * #ctx
[THYMELEAF]         * #root
[THYMELEAF]         * #vars
[THYMELEAF]         * #object
[THYMELEAF]         * #locale
[THYMELEAF]         * #conversions
[THYMELEAF]         * #uris
[THYMELEAF]         * #temporals
[THYMELEAF]         * #calendars
[THYMELEAF]         * #dates
[THYMELEAF]         * #bools
[THYMELEAF]         * #numbers
[THYMELEAF]         * #objects
[THYMELEAF]         * #strings
[THYMELEAF]         * #arrays
[THYMELEAF]         * #lists
[THYMELEAF]         * #sets
[THYMELEAF]         * #maps
[THYMELEAF]         * #aggregates
[THYMELEAF]         * #messages
[THYMELEAF]         * #ids
[THYMELEAF]         * #execInfo
[THYMELEAF]         * #request
[THYMELEAF]         * #response
[THYMELEAF]         * #session
[THYMELEAF]         * #servletContext
[THYMELEAF]     * Execution Attributes:
[THYMELEAF]         * "StandardExpressionParser": com.intuit.karate.template.KarateStandardDialect@71e7830a
[THYMELEAF]         * "StandardJavaScriptSerializer": org.thymeleaf.standard.serializer.StandardJavaScriptSerializer@45fb2354
[THYMELEAF]         * "StandardCSSSerializer": org.thymeleaf.standard.serializer.StandardCSSSerializer@3c7d8a4
[THYMELEAF]         * "StandardVariableExpressionEvaluator": com.intuit.karate.template.KarateStandardDialect@71e7830a
[THYMELEAF]         * "StandardConversionService": org.thymeleaf.standard.expression.StandardConversionService@5996d6f2
[THYMELEAF] * Dialect [2 of 2]: karate (com.intuit.karate.template.KarateScriptDialect)
[THYMELEAF]     * Prefix: "ka"
[THYMELEAF]     * Processors for Template Mode: HTML
[THYMELEAF]         * Element Tag Processors by [matching element and attribute name] [precedence]:
[THYMELEAF]             * [* {src}] [1000]: com.intuit.karate.template.KaScriptAttrProcessor
[THYMELEAF]         * Element Model Processors by [matching element and attribute name] [precedence]:
[THYMELEAF]             * [{script} {ka:scope,data-ka-scope}] [1000]: com.intuit.karate.template.KaScriptElemProcessor
[THYMELEAF]             * [* {ka:set,data-ka-set}] [1000]: com.intuit.karate.template.KaSetElemProcessor
[THYMELEAF] TEMPLATE ENGINE CONFIGURED OK
21:50:56.737 [main] DEBUG org.thymeleaf.TemplateEngine -- [THYMELEAF] TEMPLATE ENGINE INITIALIZED
---------------------------------------------------------
feature: classpath:update_product.feature
scenarios:  4 | passed:  3 | failed:  1 | time: 1.0010
---------------------------------------------------------

]]></system-out>
  </testcase>
</testsuite>